{"C:\\Users\\matth\\OneDrive\\Documenten\\GitHub\\zzp_admin\\frontend\\src\\components\\common\\badge.tsx": {"path":"C:\\Users\\matth\\OneDrive\\Documenten\\GitHub\\zzp_admin\\frontend\\src\\components\\common\\badge.tsx","statementMap":{"0":{"start":{"line":9,"column":14},"end":{"line":30,"column":null}},"1":{"start":{"line":11,"column":4},"end":{"line":27,"column":null}},"2":{"start":{"line":31,"column":0},"end":{"line":31,"column":null}}},"fnMap":{"0":{"name":"(anonymous_0)","decl":{"start":{"line":10,"column":2},"end":{"line":10,"column":3}},"loc":{"start":{"line":10,"column":57},"end":{"line":29,"column":null}},"line":10}},"branchMap":{"0":{"loc":{"start":{"line":10,"column":16},"end":{"line":10,"column":37}},"type":"default-arg","locations":[{"start":{"line":10,"column":26},"end":{"line":10,"column":37}}],"line":10}},"s":{"0":7,"1":185,"2":7},"f":{"0":185},"b":{"0":[185]},"meta":{"lastBranch":1,"lastFunction":1,"lastStatement":3,"seen":{"s:9:14:30:Infinity":0,"f:10:2:10:3":0,"b:10:26:10:37":0,"s:11:4:27:Infinity":1,"s:31:0:31:Infinity":2}}}
,"C:\\Users\\matth\\OneDrive\\Documenten\\GitHub\\zzp_admin\\frontend\\src\\components\\common\\button.tsx": {"path":"C:\\Users\\matth\\OneDrive\\Documenten\\GitHub\\zzp_admin\\frontend\\src\\components\\common\\button.tsx","statementMap":{"0":{"start":{"line":10,"column":15},"end":{"line":37,"column":null}},"1":{"start":{"line":12,"column":4},"end":{"line":34,"column":null}},"2":{"start":{"line":38,"column":0},"end":{"line":38,"column":null}}},"fnMap":{"0":{"name":"(anonymous_0)","decl":{"start":{"line":11,"column":2},"end":{"line":11,"column":3}},"loc":{"start":{"line":11,"column":75},"end":{"line":36,"column":null}},"line":11}},"branchMap":{"0":{"loc":{"start":{"line":11,"column":16},"end":{"line":11,"column":37}},"type":"default-arg","locations":[{"start":{"line":11,"column":26},"end":{"line":11,"column":37}}],"line":11},"1":{"loc":{"start":{"line":11,"column":37},"end":{"line":11,"column":55}},"type":"default-arg","locations":[{"start":{"line":11,"column":44},"end":{"line":11,"column":55}}],"line":11}},"s":{"0":7,"1":279,"2":7},"f":{"0":279},"b":{"0":[279],"1":[279]},"meta":{"lastBranch":2,"lastFunction":1,"lastStatement":3,"seen":{"s:10:15:37:Infinity":0,"f:11:2:11:3":0,"b:11:26:11:37":0,"b:11:44:11:55":1,"s:12:4:34:Infinity":1,"s:38:0:38:Infinity":2}}}
,"C:\\Users\\matth\\OneDrive\\Documenten\\GitHub\\zzp_admin\\frontend\\src\\components\\common\\card.tsx": {"path":"C:\\Users\\matth\\OneDrive\\Documenten\\GitHub\\zzp_admin\\frontend\\src\\components\\common\\card.tsx","statementMap":{"0":{"start":{"line":4,"column":13},"end":{"line":16,"column":null}},"1":{"start":{"line":8,"column":2},"end":{"line":15,"column":null}},"2":{"start":{"line":17,"column":0},"end":{"line":17,"column":null}},"3":{"start":{"line":19,"column":19},"end":{"line":28,"column":null}},"4":{"start":{"line":23,"column":2},"end":{"line":27,"column":null}},"5":{"start":{"line":29,"column":0},"end":{"line":29,"column":null}},"6":{"start":{"line":31,"column":18},"end":{"line":43,"column":null}},"7":{"start":{"line":35,"column":2},"end":{"line":42,"column":null}},"8":{"start":{"line":44,"column":0},"end":{"line":44,"column":null}},"9":{"start":{"line":46,"column":24},"end":{"line":55,"column":null}},"10":{"start":{"line":50,"column":2},"end":{"line":54,"column":null}},"11":{"start":{"line":56,"column":0},"end":{"line":56,"column":null}},"12":{"start":{"line":58,"column":20},"end":{"line":63,"column":null}},"13":{"start":{"line":62,"column":2},"end":{"line":62,"column":null}},"14":{"start":{"line":64,"column":0},"end":{"line":64,"column":null}},"15":{"start":{"line":66,"column":19},"end":{"line":75,"column":null}},"16":{"start":{"line":70,"column":2},"end":{"line":74,"column":null}},"17":{"start":{"line":76,"column":0},"end":{"line":76,"column":null}}},"fnMap":{"0":{"name":"(anonymous_0)","decl":{"start":{"line":7,"column":2},"end":{"line":7,"column":3}},"loc":{"start":{"line":8,"column":2},"end":{"line":15,"column":null}},"line":8},"1":{"name":"(anonymous_1)","decl":{"start":{"line":22,"column":2},"end":{"line":22,"column":3}},"loc":{"start":{"line":23,"column":2},"end":{"line":27,"column":null}},"line":23},"2":{"name":"(anonymous_2)","decl":{"start":{"line":34,"column":2},"end":{"line":34,"column":3}},"loc":{"start":{"line":35,"column":2},"end":{"line":42,"column":null}},"line":35},"3":{"name":"(anonymous_3)","decl":{"start":{"line":49,"column":2},"end":{"line":49,"column":3}},"loc":{"start":{"line":50,"column":2},"end":{"line":54,"column":null}},"line":50},"4":{"name":"(anonymous_4)","decl":{"start":{"line":61,"column":2},"end":{"line":61,"column":3}},"loc":{"start":{"line":62,"column":2},"end":{"line":62,"column":null}},"line":62},"5":{"name":"(anonymous_5)","decl":{"start":{"line":69,"column":2},"end":{"line":69,"column":3}},"loc":{"start":{"line":70,"column":2},"end":{"line":74,"column":null}},"line":70}},"branchMap":{},"s":{"0":6,"1":0,"2":6,"3":6,"4":0,"5":6,"6":6,"7":0,"8":6,"9":6,"10":0,"11":6,"12":6,"13":0,"14":6,"15":6,"16":0,"17":6},"f":{"0":0,"1":0,"2":0,"3":0,"4":0,"5":0},"b":{},"meta":{"lastBranch":0,"lastFunction":6,"lastStatement":18,"seen":{"s:4:13:16:Infinity":0,"f:7:2:7:3":0,"s:8:2:15:Infinity":1,"s:17:0:17:Infinity":2,"s:19:19:28:Infinity":3,"f:22:2:22:3":1,"s:23:2:27:Infinity":4,"s:29:0:29:Infinity":5,"s:31:18:43:Infinity":6,"f:34:2:34:3":2,"s:35:2:42:Infinity":7,"s:44:0:44:Infinity":8,"s:46:24:55:Infinity":9,"f:49:2:49:3":3,"s:50:2:54:Infinity":10,"s:56:0:56:Infinity":11,"s:58:20:63:Infinity":12,"f:61:2:61:3":4,"s:62:2:62:Infinity":13,"s:64:0:64:Infinity":14,"s:66:19:75:Infinity":15,"f:69:2:69:3":5,"s:70:2:74:Infinity":16,"s:76:0:76:Infinity":17}}}
,"C:\\Users\\matth\\OneDrive\\Documenten\\GitHub\\zzp_admin\\frontend\\src\\components\\common\\checkbox.tsx": {"path":"C:\\Users\\matth\\OneDrive\\Documenten\\GitHub\\zzp_admin\\frontend\\src\\components\\common\\checkbox.tsx","statementMap":{"0":{"start":{"line":8,"column":17},"end":{"line":26,"column":null}},"1":{"start":{"line":10,"column":4},"end":{"line":23,"column":null}},"2":{"start":{"line":27,"column":0},"end":{"line":27,"column":null}}},"fnMap":{"0":{"name":"(anonymous_0)","decl":{"start":{"line":9,"column":2},"end":{"line":9,"column":3}},"loc":{"start":{"line":9,"column":36},"end":{"line":25,"column":null}},"line":9}},"branchMap":{},"s":{"0":6,"1":0,"2":6},"f":{"0":0},"b":{},"meta":{"lastBranch":0,"lastFunction":1,"lastStatement":3,"seen":{"s:8:17:26:Infinity":0,"f:9:2:9:3":0,"s:10:4:23:Infinity":1,"s:27:0:27:Infinity":2}}}
,"C:\\Users\\matth\\OneDrive\\Documenten\\GitHub\\zzp_admin\\frontend\\src\\components\\common\\dialog.tsx": {"path":"C:\\Users\\matth\\OneDrive\\Documenten\\GitHub\\zzp_admin\\frontend\\src\\components\\common\\dialog.tsx","statementMap":{"0":{"start":{"line":12,"column":38},"end":{"line":35,"column":null}},"1":{"start":{"line":13,"column":2},"end":{"line":22,"column":null}},"2":{"start":{"line":14,"column":25},"end":{"line":18,"column":null}},"3":{"start":{"line":15,"column":6},"end":{"line":17,"column":null}},"4":{"start":{"line":16,"column":8},"end":{"line":16,"column":null}},"5":{"start":{"line":20,"column":4},"end":{"line":20,"column":null}},"6":{"start":{"line":21,"column":4},"end":{"line":21,"column":null}},"7":{"start":{"line":21,"column":17},"end":{"line":21,"column":null}},"8":{"start":{"line":24,"column":2},"end":{"line":24,"column":null}},"9":{"start":{"line":24,"column":13},"end":{"line":24,"column":null}},"10":{"start":{"line":26,"column":2},"end":{"line":33,"column":null}},"11":{"start":{"line":30,"column":23},"end":{"line":30,"column":null}},"12":{"start":{"line":36,"column":0},"end":{"line":36,"column":null}},"13":{"start":{"line":38,"column":22},"end":{"line":63,"column":null}},"14":{"start":{"line":42,"column":2},"end":{"line":62,"column":null}},"15":{"start":{"line":48,"column":20},"end":{"line":48,"column":null}},"16":{"start":{"line":64,"column":0},"end":{"line":64,"column":null}},"17":{"start":{"line":66,"column":21},"end":{"line":75,"column":null}},"18":{"start":{"line":70,"column":2},"end":{"line":74,"column":null}},"19":{"start":{"line":76,"column":0},"end":{"line":76,"column":null}},"20":{"start":{"line":78,"column":21},"end":{"line":90,"column":null}},"21":{"start":{"line":82,"column":2},"end":{"line":89,"column":null}},"22":{"start":{"line":91,"column":0},"end":{"line":91,"column":null}},"23":{"start":{"line":93,"column":20},"end":{"line":105,"column":null}},"24":{"start":{"line":97,"column":2},"end":{"line":104,"column":null}},"25":{"start":{"line":106,"column":0},"end":{"line":106,"column":null}},"26":{"start":{"line":108,"column":26},"end":{"line":117,"column":null}},"27":{"start":{"line":112,"column":2},"end":{"line":116,"column":null}},"28":{"start":{"line":118,"column":0},"end":{"line":118,"column":null}}},"fnMap":{"0":{"name":"(anonymous_0)","decl":{"start":{"line":12,"column":38},"end":{"line":12,"column":39}},"loc":{"start":{"line":12,"column":76},"end":{"line":35,"column":null}},"line":12},"1":{"name":"(anonymous_1)","decl":{"start":{"line":13,"column":18},"end":{"line":13,"column":24}},"loc":{"start":{"line":13,"column":24},"end":{"line":22,"column":5}},"line":13},"2":{"name":"(anonymous_2)","decl":{"start":{"line":14,"column":25},"end":{"line":14,"column":26}},"loc":{"start":{"line":14,"column":47},"end":{"line":18,"column":null}},"line":14},"3":{"name":"(anonymous_3)","decl":{"start":{"line":21,"column":11},"end":{"line":21,"column":17}},"loc":{"start":{"line":21,"column":17},"end":{"line":21,"column":null}},"line":21},"4":{"name":"(anonymous_4)","decl":{"start":{"line":30,"column":17},"end":{"line":30,"column":23}},"loc":{"start":{"line":30,"column":23},"end":{"line":30,"column":null}},"line":30},"5":{"name":"(anonymous_5)","decl":{"start":{"line":41,"column":2},"end":{"line":41,"column":3}},"loc":{"start":{"line":42,"column":2},"end":{"line":62,"column":null}},"line":42},"6":{"name":"(anonymous_6)","decl":{"start":{"line":48,"column":13},"end":{"line":48,"column":14}},"loc":{"start":{"line":48,"column":20},"end":{"line":48,"column":null}},"line":48},"7":{"name":"(anonymous_7)","decl":{"start":{"line":69,"column":2},"end":{"line":69,"column":3}},"loc":{"start":{"line":70,"column":2},"end":{"line":74,"column":null}},"line":70},"8":{"name":"(anonymous_8)","decl":{"start":{"line":81,"column":2},"end":{"line":81,"column":3}},"loc":{"start":{"line":82,"column":2},"end":{"line":89,"column":null}},"line":82},"9":{"name":"(anonymous_9)","decl":{"start":{"line":96,"column":2},"end":{"line":96,"column":3}},"loc":{"start":{"line":97,"column":2},"end":{"line":104,"column":null}},"line":97},"10":{"name":"(anonymous_10)","decl":{"start":{"line":111,"column":2},"end":{"line":111,"column":3}},"loc":{"start":{"line":112,"column":2},"end":{"line":116,"column":null}},"line":112}},"branchMap":{"0":{"loc":{"start":{"line":15,"column":6},"end":{"line":17,"column":null}},"type":"if","locations":[{"start":{"line":15,"column":6},"end":{"line":17,"column":null}},{"start":{},"end":{}}],"line":15},"1":{"loc":{"start":{"line":15,"column":10},"end":{"line":15,"column":38}},"type":"binary-expr","locations":[{"start":{"line":15,"column":10},"end":{"line":15,"column":32}},{"start":{"line":15,"column":32},"end":{"line":15,"column":38}}],"line":15},"2":{"loc":{"start":{"line":24,"column":2},"end":{"line":24,"column":null}},"type":"if","locations":[{"start":{"line":24,"column":2},"end":{"line":24,"column":null}},{"start":{},"end":{}}],"line":24},"3":{"loc":{"start":{"line":51,"column":5},"end":{"line":59,"column":null}},"type":"binary-expr","locations":[{"start":{"line":51,"column":5},"end":{"line":51,"column":null}},{"start":{"line":52,"column":6},"end":{"line":59,"column":null}}],"line":51}},"s":{"0":6,"1":7,"2":7,"3":0,"4":0,"5":7,"6":7,"7":7,"8":7,"9":1,"10":6,"11":0,"12":6,"13":6,"14":6,"15":2,"16":6,"17":6,"18":6,"19":6,"20":6,"21":6,"22":6,"23":6,"24":6,"25":6,"26":6,"27":6,"28":6},"f":{"0":7,"1":7,"2":0,"3":7,"4":0,"5":6,"6":2,"7":6,"8":6,"9":6,"10":6},"b":{"0":[0,0],"1":[0,0],"2":[1,6],"3":[6,6]},"meta":{"lastBranch":4,"lastFunction":11,"lastStatement":29,"seen":{"s:12:38:35:Infinity":0,"f:12:38:12:39":0,"s:13:2:22:Infinity":1,"f:13:18:13:24":1,"s:14:25:18:Infinity":2,"f:14:25:14:26":2,"b:15:6:17:Infinity:undefined:undefined:undefined:undefined":0,"s:15:6:17:Infinity":3,"b:15:10:15:32:15:32:15:38":1,"s:16:8:16:Infinity":4,"s:20:4:20:Infinity":5,"s:21:4:21:Infinity":6,"f:21:11:21:17":3,"s:21:17:21:Infinity":7,"b:24:2:24:Infinity:undefined:undefined:undefined:undefined":2,"s:24:2:24:Infinity":8,"s:24:13:24:Infinity":9,"s:26:2:33:Infinity":10,"f:30:17:30:23":4,"s:30:23:30:Infinity":11,"s:36:0:36:Infinity":12,"s:38:22:63:Infinity":13,"f:41:2:41:3":5,"s:42:2:62:Infinity":14,"f:48:13:48:14":6,"s:48:20:48:Infinity":15,"b:51:5:51:Infinity:52:6:59:Infinity":3,"s:64:0:64:Infinity":16,"s:66:21:75:Infinity":17,"f:69:2:69:3":7,"s:70:2:74:Infinity":18,"s:76:0:76:Infinity":19,"s:78:21:90:Infinity":20,"f:81:2:81:3":8,"s:82:2:89:Infinity":21,"s:91:0:91:Infinity":22,"s:93:20:105:Infinity":23,"f:96:2:96:3":9,"s:97:2:104:Infinity":24,"s:106:0:106:Infinity":25,"s:108:26:117:Infinity":26,"f:111:2:111:3":10,"s:112:2:116:Infinity":27,"s:118:0:118:Infinity":28}}}
,"C:\\Users\\matth\\OneDrive\\Documenten\\GitHub\\zzp_admin\\frontend\\src\\components\\common\\form-field.tsx": {"path":"C:\\Users\\matth\\OneDrive\\Documenten\\GitHub\\zzp_admin\\frontend\\src\\components\\common\\form-field.tsx","statementMap":{"0":{"start":{"line":15,"column":25},"end":{"line":15,"column":null}},"1":{"start":{"line":17,"column":28},"end":{"line":23,"column":null}},"2":{"start":{"line":18,"column":18},"end":{"line":18,"column":null}},"3":{"start":{"line":19,"column":2},"end":{"line":21,"column":null}},"4":{"start":{"line":20,"column":4},"end":{"line":20,"column":null}},"5":{"start":{"line":22,"column":2},"end":{"line":22,"column":null}},"6":{"start":{"line":36,"column":25},"end":{"line":57,"column":null}},"7":{"start":{"line":38,"column":15},"end":{"line":38,"column":null}},"8":{"start":{"line":40,"column":4},"end":{"line":54,"column":null}},"9":{"start":{"line":58,"column":0},"end":{"line":58,"column":null}},"10":{"start":{"line":68,"column":30},"end":{"line":88,"column":null}},"11":{"start":{"line":70,"column":44},"end":{"line":70,"column":null}},"12":{"start":{"line":72,"column":4},"end":{"line":85,"column":null}},"13":{"start":{"line":89,"column":0},"end":{"line":89,"column":null}},"14":{"start":{"line":99,"column":31},"end":{"line":121,"column":null}},"15":{"start":{"line":101,"column":44},"end":{"line":101,"column":null}},"16":{"start":{"line":103,"column":4},"end":{"line":118,"column":null}},"17":{"start":{"line":122,"column":0},"end":{"line":122,"column":null}},"18":{"start":{"line":132,"column":33},"end":{"line":152,"column":null}},"19":{"start":{"line":134,"column":44},"end":{"line":134,"column":null}},"20":{"start":{"line":136,"column":4},"end":{"line":149,"column":null}},"21":{"start":{"line":153,"column":0},"end":{"line":153,"column":null}}},"fnMap":{"0":{"name":"(anonymous_0)","decl":{"start":{"line":17,"column":28},"end":{"line":17,"column":34}},"loc":{"start":{"line":17,"column":34},"end":{"line":23,"column":null}},"line":17},"1":{"name":"(anonymous_1)","decl":{"start":{"line":37,"column":2},"end":{"line":37,"column":3}},"loc":{"start":{"line":37,"column":76},"end":{"line":56,"column":null}},"line":37},"2":{"name":"(anonymous_2)","decl":{"start":{"line":69,"column":2},"end":{"line":69,"column":3}},"loc":{"start":{"line":69,"column":43},"end":{"line":87,"column":null}},"line":69},"3":{"name":"(anonymous_3)","decl":{"start":{"line":100,"column":2},"end":{"line":100,"column":3}},"loc":{"start":{"line":100,"column":53},"end":{"line":120,"column":null}},"line":100},"4":{"name":"(anonymous_4)","decl":{"start":{"line":133,"column":2},"end":{"line":133,"column":3}},"loc":{"start":{"line":133,"column":43},"end":{"line":151,"column":null}},"line":133}},"branchMap":{"0":{"loc":{"start":{"line":19,"column":2},"end":{"line":21,"column":null}},"type":"if","locations":[{"start":{"line":19,"column":2},"end":{"line":21,"column":null}},{"start":{},"end":{}}],"line":19},"1":{"loc":{"start":{"line":43,"column":11},"end":{"line":47,"column":null}},"type":"binary-expr","locations":[{"start":{"line":43,"column":11},"end":{"line":43,"column":null}},{"start":{"line":44,"column":12},"end":{"line":47,"column":null}}],"line":43},"2":{"loc":{"start":{"line":46,"column":15},"end":{"line":46,"column":null}},"type":"binary-expr","locations":[{"start":{"line":46,"column":15},"end":{"line":46,"column":27}},{"start":{"line":46,"column":27},"end":{"line":46,"column":null}}],"line":46},"3":{"loc":{"start":{"line":50,"column":11},"end":{"line":51,"column":null}},"type":"binary-expr","locations":[{"start":{"line":50,"column":11},"end":{"line":50,"column":null}},{"start":{"line":51,"column":12},"end":{"line":51,"column":null}}],"line":50},"4":{"loc":{"start":{"line":80,"column":10},"end":{"line":81,"column":null}},"type":"binary-expr","locations":[{"start":{"line":81,"column":11},"end":{"line":81,"column":20}},{"start":{"line":81,"column":20},"end":{"line":81,"column":35}},{"start":{"line":81,"column":35},"end":{"line":81,"column":null}}],"line":80},"5":{"loc":{"start":{"line":111,"column":10},"end":{"line":112,"column":null}},"type":"binary-expr","locations":[{"start":{"line":112,"column":11},"end":{"line":112,"column":20}},{"start":{"line":112,"column":20},"end":{"line":112,"column":35}},{"start":{"line":112,"column":35},"end":{"line":112,"column":null}}],"line":111},"6":{"loc":{"start":{"line":144,"column":10},"end":{"line":145,"column":null}},"type":"binary-expr","locations":[{"start":{"line":145,"column":11},"end":{"line":145,"column":20}},{"start":{"line":145,"column":20},"end":{"line":145,"column":35}},{"start":{"line":145,"column":35},"end":{"line":145,"column":null}}],"line":144}},"s":{"0":6,"1":6,"2":0,"3":0,"4":0,"5":0,"6":6,"7":0,"8":0,"9":6,"10":6,"11":0,"12":0,"13":6,"14":6,"15":0,"16":0,"17":6,"18":6,"19":0,"20":0,"21":6},"f":{"0":0,"1":0,"2":0,"3":0,"4":0},"b":{"0":[0,0],"1":[0,0],"2":[0,0],"3":[0,0],"4":[0,0,0],"5":[0,0,0],"6":[0,0,0]},"meta":{"lastBranch":7,"lastFunction":5,"lastStatement":22,"seen":{"s:15:25:15:Infinity":0,"s:17:28:23:Infinity":1,"f:17:28:17:34":0,"s:18:18:18:Infinity":2,"b:19:2:21:Infinity:undefined:undefined:undefined:undefined":0,"s:19:2:21:Infinity":3,"s:20:4:20:Infinity":4,"s:22:2:22:Infinity":5,"s:36:25:57:Infinity":6,"f:37:2:37:3":1,"s:38:15:38:Infinity":7,"s:40:4:54:Infinity":8,"b:43:11:43:Infinity:44:12:47:Infinity":1,"b:46:15:46:27:46:27:46:Infinity":2,"b:50:11:50:Infinity:51:12:51:Infinity":3,"s:58:0:58:Infinity":9,"s:68:30:88:Infinity":10,"f:69:2:69:3":2,"s:70:44:70:Infinity":11,"s:72:4:85:Infinity":12,"b:81:11:81:20:81:20:81:35:81:35:81:Infinity":4,"s:89:0:89:Infinity":13,"s:99:31:121:Infinity":14,"f:100:2:100:3":3,"s:101:44:101:Infinity":15,"s:103:4:118:Infinity":16,"b:112:11:112:20:112:20:112:35:112:35:112:Infinity":5,"s:122:0:122:Infinity":17,"s:132:33:152:Infinity":18,"f:133:2:133:3":4,"s:134:44:134:Infinity":19,"s:136:4:149:Infinity":20,"b:145:11:145:20:145:20:145:35:145:35:145:Infinity":6,"s:153:0:153:Infinity":21}}}
,"C:\\Users\\matth\\OneDrive\\Documenten\\GitHub\\zzp_admin\\frontend\\src\\components\\common\\index.ts": {"path":"C:\\Users\\matth\\OneDrive\\Documenten\\GitHub\\zzp_admin\\frontend\\src\\components\\common\\index.ts","statementMap":{},"fnMap":{},"branchMap":{},"s":{},"f":{},"b":{},"meta":{"lastBranch":0,"lastFunction":0,"lastStatement":0,"seen":{}}}
,"C:\\Users\\matth\\OneDrive\\Documenten\\GitHub\\zzp_admin\\frontend\\src\\components\\common\\input.tsx": {"path":"C:\\Users\\matth\\OneDrive\\Documenten\\GitHub\\zzp_admin\\frontend\\src\\components\\common\\input.tsx","statementMap":{"0":{"start":{"line":7,"column":14},"end":{"line":21,"column":null}},"1":{"start":{"line":9,"column":4},"end":{"line":18,"column":null}},"2":{"start":{"line":22,"column":0},"end":{"line":22,"column":null}}},"fnMap":{"0":{"name":"(anonymous_0)","decl":{"start":{"line":8,"column":2},"end":{"line":8,"column":3}},"loc":{"start":{"line":8,"column":42},"end":{"line":20,"column":null}},"line":8}},"branchMap":{},"s":{"0":7,"1":129,"2":7},"f":{"0":129},"b":{},"meta":{"lastBranch":0,"lastFunction":1,"lastStatement":3,"seen":{"s:7:14:21:Infinity":0,"f:8:2:8:3":0,"s:9:4:18:Infinity":1,"s:22:0:22:Infinity":2}}}
,"C:\\Users\\matth\\OneDrive\\Documenten\\GitHub\\zzp_admin\\frontend\\src\\components\\common\\label.tsx": {"path":"C:\\Users\\matth\\OneDrive\\Documenten\\GitHub\\zzp_admin\\frontend\\src\\components\\common\\label.tsx","statementMap":{"0":{"start":{"line":7,"column":14},"end":{"line":20,"column":null}},"1":{"start":{"line":9,"column":4},"end":{"line":17,"column":null}},"2":{"start":{"line":21,"column":0},"end":{"line":21,"column":null}}},"fnMap":{"0":{"name":"(anonymous_0)","decl":{"start":{"line":8,"column":2},"end":{"line":8,"column":3}},"loc":{"start":{"line":8,"column":36},"end":{"line":19,"column":null}},"line":8}},"branchMap":{},"s":{"0":6,"1":0,"2":6},"f":{"0":0},"b":{},"meta":{"lastBranch":0,"lastFunction":1,"lastStatement":3,"seen":{"s:7:14:20:Infinity":0,"f:8:2:8:3":0,"s:9:4:17:Infinity":1,"s:21:0:21:Infinity":2}}}
,"C:\\Users\\matth\\OneDrive\\Documenten\\GitHub\\zzp_admin\\frontend\\src\\components\\common\\radio.tsx": {"path":"C:\\Users\\matth\\OneDrive\\Documenten\\GitHub\\zzp_admin\\frontend\\src\\components\\common\\radio.tsx","statementMap":{"0":{"start":{"line":7,"column":14},"end":{"line":21,"column":null}},"1":{"start":{"line":9,"column":4},"end":{"line":18,"column":null}},"2":{"start":{"line":22,"column":0},"end":{"line":22,"column":null}}},"fnMap":{"0":{"name":"(anonymous_0)","decl":{"start":{"line":8,"column":2},"end":{"line":8,"column":3}},"loc":{"start":{"line":8,"column":36},"end":{"line":20,"column":null}},"line":8}},"branchMap":{},"s":{"0":6,"1":0,"2":6},"f":{"0":0},"b":{},"meta":{"lastBranch":0,"lastFunction":1,"lastStatement":3,"seen":{"s:7:14:21:Infinity":0,"f:8:2:8:3":0,"s:9:4:18:Infinity":1,"s:22:0:22:Infinity":2}}}
,"C:\\Users\\matth\\OneDrive\\Documenten\\GitHub\\zzp_admin\\frontend\\src\\components\\common\\select.tsx": {"path":"C:\\Users\\matth\\OneDrive\\Documenten\\GitHub\\zzp_admin\\frontend\\src\\components\\common\\select.tsx","statementMap":{"0":{"start":{"line":7,"column":15},"end":{"line":22,"column":null}},"1":{"start":{"line":9,"column":4},"end":{"line":19,"column":null}},"2":{"start":{"line":23,"column":0},"end":{"line":23,"column":null}}},"fnMap":{"0":{"name":"(anonymous_0)","decl":{"start":{"line":8,"column":2},"end":{"line":8,"column":3}},"loc":{"start":{"line":8,"column":46},"end":{"line":21,"column":null}},"line":8}},"branchMap":{},"s":{"0":6,"1":106,"2":6},"f":{"0":106},"b":{},"meta":{"lastBranch":0,"lastFunction":1,"lastStatement":3,"seen":{"s:7:15:22:Infinity":0,"f:8:2:8:3":0,"s:9:4:19:Infinity":1,"s:23:0:23:Infinity":2}}}
,"C:\\Users\\matth\\OneDrive\\Documenten\\GitHub\\zzp_admin\\frontend\\src\\components\\common\\spinner.tsx": {"path":"C:\\Users\\matth\\OneDrive\\Documenten\\GitHub\\zzp_admin\\frontend\\src\\components\\common\\spinner.tsx","statementMap":{"0":{"start":{"line":8,"column":16},"end":{"line":31,"column":null}},"1":{"start":{"line":10,"column":4},"end":{"line":28,"column":null}},"2":{"start":{"line":32,"column":0},"end":{"line":32,"column":null}}},"fnMap":{"0":{"name":"(anonymous_0)","decl":{"start":{"line":9,"column":2},"end":{"line":9,"column":3}},"loc":{"start":{"line":9,"column":49},"end":{"line":30,"column":null}},"line":9}},"branchMap":{"0":{"loc":{"start":{"line":9,"column":16},"end":{"line":9,"column":29}},"type":"default-arg","locations":[{"start":{"line":9,"column":23},"end":{"line":9,"column":29}}],"line":9}},"s":{"0":7,"1":6,"2":7},"f":{"0":6},"b":{"0":[6]},"meta":{"lastBranch":1,"lastFunction":1,"lastStatement":3,"seen":{"s:8:16:31:Infinity":0,"f:9:2:9:3":0,"b:9:23:9:29":0,"s:10:4:28:Infinity":1,"s:32:0:32:Infinity":2}}}
,"C:\\Users\\matth\\OneDrive\\Documenten\\GitHub\\zzp_admin\\frontend\\src\\components\\common\\switch.tsx": {"path":"C:\\Users\\matth\\OneDrive\\Documenten\\GitHub\\zzp_admin\\frontend\\src\\components\\common\\switch.tsx","statementMap":{"0":{"start":{"line":7,"column":15},"end":{"line":26,"column":null}},"1":{"start":{"line":9,"column":4},"end":{"line":23,"column":null}},"2":{"start":{"line":27,"column":0},"end":{"line":27,"column":null}}},"fnMap":{"0":{"name":"(anonymous_0)","decl":{"start":{"line":8,"column":2},"end":{"line":8,"column":3}},"loc":{"start":{"line":8,"column":36},"end":{"line":25,"column":null}},"line":8}},"branchMap":{},"s":{"0":6,"1":0,"2":6},"f":{"0":0},"b":{},"meta":{"lastBranch":0,"lastFunction":1,"lastStatement":3,"seen":{"s:7:15:26:Infinity":0,"f:8:2:8:3":0,"s:9:4:23:Infinity":1,"s:27:0:27:Infinity":2}}}
,"C:\\Users\\matth\\OneDrive\\Documenten\\GitHub\\zzp_admin\\frontend\\src\\components\\common\\textarea.tsx": {"path":"C:\\Users\\matth\\OneDrive\\Documenten\\GitHub\\zzp_admin\\frontend\\src\\components\\common\\textarea.tsx","statementMap":{"0":{"start":{"line":7,"column":17},"end":{"line":20,"column":null}},"1":{"start":{"line":9,"column":4},"end":{"line":17,"column":null}},"2":{"start":{"line":21,"column":0},"end":{"line":21,"column":null}}},"fnMap":{"0":{"name":"(anonymous_0)","decl":{"start":{"line":8,"column":2},"end":{"line":8,"column":3}},"loc":{"start":{"line":8,"column":36},"end":{"line":19,"column":null}},"line":8}},"branchMap":{},"s":{"0":6,"1":0,"2":6},"f":{"0":0},"b":{},"meta":{"lastBranch":0,"lastFunction":1,"lastStatement":3,"seen":{"s:7:17:20:Infinity":0,"f:8:2:8:3":0,"s:9:4:17:Infinity":1,"s:21:0:21:Infinity":2}}}
,"C:\\Users\\matth\\OneDrive\\Documenten\\GitHub\\zzp_admin\\frontend\\src\\features\\accounts\\hooks\\useExpenseAccounts.ts": {"path":"C:\\Users\\matth\\OneDrive\\Documenten\\GitHub\\zzp_admin\\frontend\\src\\features\\accounts\\hooks\\useExpenseAccounts.ts","statementMap":{"0":{"start":{"line":8,"column":34},"end":{"line":18,"column":null}},"1":{"start":{"line":9,"column":2},"end":{"line":17,"column":null}},"2":{"start":{"line":12,"column":23},"end":{"line":14,"column":null}},"3":{"start":{"line":15,"column":6},"end":{"line":15,"column":null}}},"fnMap":{"0":{"name":"(anonymous_0)","decl":{"start":{"line":8,"column":34},"end":{"line":8,"column":40}},"loc":{"start":{"line":8,"column":40},"end":{"line":18,"column":null}},"line":8},"1":{"name":"(anonymous_1)","decl":{"start":{"line":11,"column":13},"end":{"line":11,"column":25}},"loc":{"start":{"line":11,"column":25},"end":{"line":16,"column":null}},"line":11}},"branchMap":{},"s":{"0":1,"1":6,"2":3,"3":2},"f":{"0":6,"1":3},"b":{},"meta":{"lastBranch":0,"lastFunction":2,"lastStatement":4,"seen":{"s:8:34:18:Infinity":0,"f:8:34:8:40":0,"s:9:2:17:Infinity":1,"f:11:13:11:25":1,"s:12:23:14:Infinity":2,"s:15:6:15:Infinity":3}}}
,"C:\\Users\\matth\\OneDrive\\Documenten\\GitHub\\zzp_admin\\frontend\\src\\features\\contacts\\hooks\\useContacts.ts": {"path":"C:\\Users\\matth\\OneDrive\\Documenten\\GitHub\\zzp_admin\\frontend\\src\\features\\contacts\\hooks\\useContacts.ts","statementMap":{"0":{"start":{"line":6,"column":27},"end":{"line":14,"column":null}},"1":{"start":{"line":7,"column":2},"end":{"line":13,"column":null}},"2":{"start":{"line":10,"column":23},"end":{"line":10,"column":null}},"3":{"start":{"line":11,"column":6},"end":{"line":11,"column":null}},"4":{"start":{"line":17,"column":26},"end":{"line":26,"column":null}},"5":{"start":{"line":18,"column":2},"end":{"line":25,"column":null}},"6":{"start":{"line":21,"column":23},"end":{"line":21,"column":null}},"7":{"start":{"line":22,"column":6},"end":{"line":22,"column":null}},"8":{"start":{"line":29,"column":32},"end":{"line":41,"column":null}},"9":{"start":{"line":30,"column":8},"end":{"line":30,"column":null}},"10":{"start":{"line":32,"column":2},"end":{"line":40,"column":null}},"11":{"start":{"line":34,"column":23},"end":{"line":34,"column":null}},"12":{"start":{"line":35,"column":6},"end":{"line":35,"column":null}},"13":{"start":{"line":38,"column":6},"end":{"line":38,"column":null}},"14":{"start":{"line":44,"column":32},"end":{"line":56,"column":null}},"15":{"start":{"line":45,"column":8},"end":{"line":45,"column":null}},"16":{"start":{"line":47,"column":2},"end":{"line":55,"column":null}},"17":{"start":{"line":49,"column":23},"end":{"line":49,"column":null}},"18":{"start":{"line":50,"column":6},"end":{"line":50,"column":null}},"19":{"start":{"line":53,"column":6},"end":{"line":53,"column":null}},"20":{"start":{"line":59,"column":32},"end":{"line":70,"column":null}},"21":{"start":{"line":60,"column":8},"end":{"line":60,"column":null}},"22":{"start":{"line":62,"column":2},"end":{"line":69,"column":null}},"23":{"start":{"line":64,"column":6},"end":{"line":64,"column":null}},"24":{"start":{"line":67,"column":6},"end":{"line":67,"column":null}},"25":{"start":{"line":73,"column":36},"end":{"line":84,"column":null}},"26":{"start":{"line":74,"column":8},"end":{"line":74,"column":null}},"27":{"start":{"line":76,"column":2},"end":{"line":83,"column":null}},"28":{"start":{"line":78,"column":6},"end":{"line":78,"column":null}},"29":{"start":{"line":81,"column":6},"end":{"line":81,"column":null}}},"fnMap":{"0":{"name":"(anonymous_0)","decl":{"start":{"line":6,"column":27},"end":{"line":6,"column":33}},"loc":{"start":{"line":6,"column":33},"end":{"line":14,"column":null}},"line":6},"1":{"name":"(anonymous_1)","decl":{"start":{"line":9,"column":13},"end":{"line":9,"column":25}},"loc":{"start":{"line":9,"column":25},"end":{"line":12,"column":null}},"line":9},"2":{"name":"(anonymous_2)","decl":{"start":{"line":17,"column":26},"end":{"line":17,"column":27}},"loc":{"start":{"line":17,"column":42},"end":{"line":26,"column":null}},"line":17},"3":{"name":"(anonymous_3)","decl":{"start":{"line":20,"column":13},"end":{"line":20,"column":25}},"loc":{"start":{"line":20,"column":25},"end":{"line":23,"column":null}},"line":20},"4":{"name":"(anonymous_4)","decl":{"start":{"line":29,"column":32},"end":{"line":29,"column":38}},"loc":{"start":{"line":29,"column":38},"end":{"line":41,"column":null}},"line":29},"5":{"name":"(anonymous_5)","decl":{"start":{"line":33,"column":16},"end":{"line":33,"column":23}},"loc":{"start":{"line":33,"column":89},"end":{"line":36,"column":null}},"line":33},"6":{"name":"(anonymous_6)","decl":{"start":{"line":37,"column":15},"end":{"line":37,"column":21}},"loc":{"start":{"line":37,"column":21},"end":{"line":39,"column":null}},"line":37},"7":{"name":"(anonymous_7)","decl":{"start":{"line":44,"column":32},"end":{"line":44,"column":38}},"loc":{"start":{"line":44,"column":38},"end":{"line":56,"column":null}},"line":44},"8":{"name":"(anonymous_8)","decl":{"start":{"line":48,"column":16},"end":{"line":48,"column":23}},"loc":{"start":{"line":48,"column":85},"end":{"line":51,"column":null}},"line":48},"9":{"name":"(anonymous_9)","decl":{"start":{"line":52,"column":15},"end":{"line":52,"column":21}},"loc":{"start":{"line":52,"column":21},"end":{"line":54,"column":null}},"line":52},"10":{"name":"(anonymous_10)","decl":{"start":{"line":59,"column":32},"end":{"line":59,"column":38}},"loc":{"start":{"line":59,"column":38},"end":{"line":70,"column":null}},"line":59},"11":{"name":"(anonymous_11)","decl":{"start":{"line":63,"column":16},"end":{"line":63,"column":23}},"loc":{"start":{"line":63,"column":40},"end":{"line":65,"column":null}},"line":63},"12":{"name":"(anonymous_12)","decl":{"start":{"line":66,"column":15},"end":{"line":66,"column":21}},"loc":{"start":{"line":66,"column":21},"end":{"line":68,"column":null}},"line":66},"13":{"name":"(anonymous_13)","decl":{"start":{"line":73,"column":36},"end":{"line":73,"column":42}},"loc":{"start":{"line":73,"column":42},"end":{"line":84,"column":null}},"line":73},"14":{"name":"(anonymous_14)","decl":{"start":{"line":77,"column":16},"end":{"line":77,"column":23}},"loc":{"start":{"line":77,"column":40},"end":{"line":79,"column":null}},"line":77},"15":{"name":"(anonymous_15)","decl":{"start":{"line":80,"column":15},"end":{"line":80,"column":21}},"loc":{"start":{"line":80,"column":21},"end":{"line":82,"column":null}},"line":80}},"branchMap":{},"s":{"0":1,"1":4,"2":2,"3":1,"4":1,"5":3,"6":1,"7":1,"8":1,"9":2,"10":2,"11":1,"12":1,"13":1,"14":1,"15":2,"16":2,"17":1,"18":1,"19":1,"20":1,"21":2,"22":2,"23":1,"24":1,"25":1,"26":0,"27":0,"28":0,"29":0},"f":{"0":4,"1":2,"2":3,"3":1,"4":2,"5":1,"6":1,"7":2,"8":1,"9":1,"10":2,"11":1,"12":1,"13":0,"14":0,"15":0},"b":{},"meta":{"lastBranch":0,"lastFunction":16,"lastStatement":30,"seen":{"s:6:27:14:Infinity":0,"f:6:27:6:33":0,"s:7:2:13:Infinity":1,"f:9:13:9:25":1,"s:10:23:10:Infinity":2,"s:11:6:11:Infinity":3,"s:17:26:26:Infinity":4,"f:17:26:17:27":2,"s:18:2:25:Infinity":5,"f:20:13:20:25":3,"s:21:23:21:Infinity":6,"s:22:6:22:Infinity":7,"s:29:32:41:Infinity":8,"f:29:32:29:38":4,"s:30:8:30:Infinity":9,"s:32:2:40:Infinity":10,"f:33:16:33:23":5,"s:34:23:34:Infinity":11,"s:35:6:35:Infinity":12,"f:37:15:37:21":6,"s:38:6:38:Infinity":13,"s:44:32:56:Infinity":14,"f:44:32:44:38":7,"s:45:8:45:Infinity":15,"s:47:2:55:Infinity":16,"f:48:16:48:23":8,"s:49:23:49:Infinity":17,"s:50:6:50:Infinity":18,"f:52:15:52:21":9,"s:53:6:53:Infinity":19,"s:59:32:70:Infinity":20,"f:59:32:59:38":10,"s:60:8:60:Infinity":21,"s:62:2:69:Infinity":22,"f:63:16:63:23":11,"s:64:6:64:Infinity":23,"f:66:15:66:21":12,"s:67:6:67:Infinity":24,"s:73:36:84:Infinity":25,"f:73:36:73:42":13,"s:74:8:74:Infinity":26,"s:76:2:83:Infinity":27,"f:77:16:77:23":14,"s:78:6:78:Infinity":28,"f:80:15:80:21":15,"s:81:6:81:Infinity":29}}}
,"C:\\Users\\matth\\OneDrive\\Documenten\\GitHub\\zzp_admin\\frontend\\src\\features\\purchase-invoices\\components\\InvoiceLineRow.tsx": {"path":"C:\\Users\\matth\\OneDrive\\Documenten\\GitHub\\zzp_admin\\frontend\\src\\features\\purchase-invoices\\components\\InvoiceLineRow.tsx","statementMap":{"0":{"start":{"line":15,"column":61},"end":{"line":124,"column":null}},"1":{"start":{"line":20,"column":2},"end":{"line":122,"column":null}},"2":{"start":{"line":28,"column":12},"end":{"line":32,"column":null}},"3":{"start":{"line":35,"column":12},"end":{"line":35,"column":null}},"4":{"start":{"line":35,"column":35},"end":{"line":35,"column":null}},"5":{"start":{"line":47,"column":12},"end":{"line":47,"column":null}},"6":{"start":{"line":50,"column":12},"end":{"line":50,"column":null}},"7":{"start":{"line":50,"column":35},"end":{"line":50,"column":null}},"8":{"start":{"line":61,"column":12},"end":{"line":65,"column":null}},"9":{"start":{"line":68,"column":12},"end":{"line":68,"column":null}},"10":{"start":{"line":68,"column":35},"end":{"line":68,"column":null}},"11":{"start":{"line":87,"column":14},"end":{"line":91,"column":null}},"12":{"start":{"line":94,"column":14},"end":{"line":94,"column":null}},"13":{"start":{"line":94,"column":37},"end":{"line":94,"column":null}},"14":{"start":{"line":108,"column":12},"end":{"line":108,"column":null}},"15":{"start":{"line":111,"column":12},"end":{"line":111,"column":null}},"16":{"start":{"line":111,"column":35},"end":{"line":111,"column":null}},"17":{"start":{"line":116,"column":12},"end":{"line":118,"column":null}}},"fnMap":{"0":{"name":"(anonymous_0)","decl":{"start":{"line":15,"column":61},"end":{"line":15,"column":62}},"loc":{"start":{"line":19,"column":6},"end":{"line":124,"column":null}},"line":19},"1":{"name":"(anonymous_1)","decl":{"start":{"line":27,"column":20},"end":{"line":27,"column":21}},"loc":{"start":{"line":28,"column":12},"end":{"line":32,"column":null}},"line":28},"2":{"name":"(anonymous_2)","decl":{"start":{"line":34,"column":21},"end":{"line":34,"column":22}},"loc":{"start":{"line":34,"column":28},"end":{"line":36,"column":null}},"line":34},"3":{"name":"(anonymous_3)","decl":{"start":{"line":46,"column":20},"end":{"line":46,"column":21}},"loc":{"start":{"line":47,"column":12},"end":{"line":47,"column":null}},"line":47},"4":{"name":"(anonymous_4)","decl":{"start":{"line":49,"column":21},"end":{"line":49,"column":22}},"loc":{"start":{"line":49,"column":28},"end":{"line":51,"column":null}},"line":49},"5":{"name":"(anonymous_5)","decl":{"start":{"line":60,"column":20},"end":{"line":60,"column":21}},"loc":{"start":{"line":61,"column":12},"end":{"line":65,"column":null}},"line":61},"6":{"name":"(anonymous_6)","decl":{"start":{"line":67,"column":21},"end":{"line":67,"column":22}},"loc":{"start":{"line":67,"column":28},"end":{"line":69,"column":null}},"line":67},"7":{"name":"(anonymous_7)","decl":{"start":{"line":86,"column":22},"end":{"line":86,"column":23}},"loc":{"start":{"line":87,"column":14},"end":{"line":91,"column":null}},"line":87},"8":{"name":"(anonymous_8)","decl":{"start":{"line":93,"column":23},"end":{"line":93,"column":24}},"loc":{"start":{"line":93,"column":30},"end":{"line":95,"column":null}},"line":93},"9":{"name":"(anonymous_9)","decl":{"start":{"line":107,"column":20},"end":{"line":107,"column":21}},"loc":{"start":{"line":108,"column":12},"end":{"line":108,"column":null}},"line":108},"10":{"name":"(anonymous_10)","decl":{"start":{"line":110,"column":21},"end":{"line":110,"column":22}},"loc":{"start":{"line":110,"column":28},"end":{"line":112,"column":null}},"line":110},"11":{"name":"(anonymous_11)","decl":{"start":{"line":115,"column":32},"end":{"line":115,"column":33}},"loc":{"start":{"line":116,"column":12},"end":{"line":118,"column":null}},"line":116}},"branchMap":{"0":{"loc":{"start":{"line":26,"column":17},"end":{"line":26,"column":null}},"type":"binary-expr","locations":[{"start":{"line":26,"column":17},"end":{"line":26,"column":34}},{"start":{"line":26,"column":34},"end":{"line":26,"column":null}}],"line":26},"1":{"loc":{"start":{"line":31,"column":14},"end":{"line":31,"column":null}},"type":"cond-expr","locations":[{"start":{"line":31,"column":38},"end":{"line":31,"column":45}},{"start":{"line":31,"column":45},"end":{"line":31,"column":null}}],"line":31},"2":{"loc":{"start":{"line":35,"column":12},"end":{"line":35,"column":null}},"type":"if","locations":[{"start":{"line":35,"column":12},"end":{"line":35,"column":null}},{"start":{},"end":{}}],"line":35},"3":{"loc":{"start":{"line":45,"column":17},"end":{"line":45,"column":null}},"type":"binary-expr","locations":[{"start":{"line":45,"column":17},"end":{"line":45,"column":37}},{"start":{"line":45,"column":37},"end":{"line":45,"column":null}}],"line":45},"4":{"loc":{"start":{"line":50,"column":12},"end":{"line":50,"column":null}},"type":"if","locations":[{"start":{"line":50,"column":12},"end":{"line":50,"column":null}},{"start":{},"end":{}}],"line":50},"5":{"loc":{"start":{"line":59,"column":17},"end":{"line":59,"column":null}},"type":"binary-expr","locations":[{"start":{"line":59,"column":17},"end":{"line":59,"column":39}},{"start":{"line":59,"column":39},"end":{"line":59,"column":null}}],"line":59},"6":{"loc":{"start":{"line":64,"column":14},"end":{"line":64,"column":null}},"type":"cond-expr","locations":[{"start":{"line":64,"column":38},"end":{"line":64,"column":45}},{"start":{"line":64,"column":45},"end":{"line":64,"column":null}}],"line":64},"7":{"loc":{"start":{"line":68,"column":12},"end":{"line":68,"column":null}},"type":"if","locations":[{"start":{"line":68,"column":12},"end":{"line":68,"column":null}},{"start":{},"end":{}}],"line":68},"8":{"loc":{"start":{"line":85,"column":19},"end":{"line":85,"column":null}},"type":"binary-expr","locations":[{"start":{"line":85,"column":19},"end":{"line":85,"column":41}},{"start":{"line":85,"column":41},"end":{"line":85,"column":null}}],"line":85},"9":{"loc":{"start":{"line":90,"column":16},"end":{"line":90,"column":null}},"type":"cond-expr","locations":[{"start":{"line":90,"column":40},"end":{"line":90,"column":47}},{"start":{"line":90,"column":47},"end":{"line":90,"column":null}}],"line":90},"10":{"loc":{"start":{"line":94,"column":14},"end":{"line":94,"column":null}},"type":"if","locations":[{"start":{"line":94,"column":14},"end":{"line":94,"column":null}},{"start":{},"end":{}}],"line":94},"11":{"loc":{"start":{"line":106,"column":17},"end":{"line":106,"column":null}},"type":"binary-expr","locations":[{"start":{"line":106,"column":17},"end":{"line":106,"column":34}},{"start":{"line":106,"column":34},"end":{"line":106,"column":null}}],"line":106},"12":{"loc":{"start":{"line":111,"column":12},"end":{"line":111,"column":null}},"type":"if","locations":[{"start":{"line":111,"column":12},"end":{"line":111,"column":null}},{"start":{},"end":{}}],"line":111}},"s":{"0":1,"1":26,"2":2,"3":2,"4":1,"5":1,"6":2,"7":1,"8":2,"9":3,"10":1,"11":2,"12":2,"13":1,"14":1,"15":0,"16":0,"17":50},"f":{"0":26,"1":2,"2":2,"3":1,"4":2,"5":2,"6":3,"7":2,"8":2,"9":1,"10":0,"11":50},"b":{"0":[26,1],"1":[1,1],"2":[1,1],"3":[26,2],"4":[1,1],"5":[26,1],"6":[1,1],"7":[1,2],"8":[26,1],"9":[1,1],"10":[1,1],"11":[26,1],"12":[0,0]},"meta":{"lastBranch":13,"lastFunction":12,"lastStatement":18,"seen":{"s:15:61:124:Infinity":0,"f:15:61:15:62":0,"s:20:2:122:Infinity":1,"b:26:17:26:34:26:34:26:Infinity":0,"f:27:20:27:21":1,"s:28:12:32:Infinity":2,"b:31:38:31:45:31:45:31:Infinity":1,"f:34:21:34:22":2,"b:35:12:35:Infinity:undefined:undefined:undefined:undefined":2,"s:35:12:35:Infinity":3,"s:35:35:35:Infinity":4,"b:45:17:45:37:45:37:45:Infinity":3,"f:46:20:46:21":3,"s:47:12:47:Infinity":5,"f:49:21:49:22":4,"b:50:12:50:Infinity:undefined:undefined:undefined:undefined":4,"s:50:12:50:Infinity":6,"s:50:35:50:Infinity":7,"b:59:17:59:39:59:39:59:Infinity":5,"f:60:20:60:21":5,"s:61:12:65:Infinity":8,"b:64:38:64:45:64:45:64:Infinity":6,"f:67:21:67:22":6,"b:68:12:68:Infinity:undefined:undefined:undefined:undefined":7,"s:68:12:68:Infinity":9,"s:68:35:68:Infinity":10,"b:85:19:85:41:85:41:85:Infinity":8,"f:86:22:86:23":7,"s:87:14:91:Infinity":11,"b:90:40:90:47:90:47:90:Infinity":9,"f:93:23:93:24":8,"b:94:14:94:Infinity:undefined:undefined:undefined:undefined":10,"s:94:14:94:Infinity":12,"s:94:37:94:Infinity":13,"b:106:17:106:34:106:34:106:Infinity":11,"f:107:20:107:21":9,"s:108:12:108:Infinity":14,"f:110:21:110:22":10,"b:111:12:111:Infinity:undefined:undefined:undefined:undefined":12,"s:111:12:111:Infinity":15,"s:111:35:111:Infinity":16,"f:115:32:115:33":11,"s:116:12:118:Infinity":17}}}
,"C:\\Users\\matth\\OneDrive\\Documenten\\GitHub\\zzp_admin\\frontend\\src\\features\\purchase-invoices\\components\\InvoiceLinesTable.tsx": {"path":"C:\\Users\\matth\\OneDrive\\Documenten\\GitHub\\zzp_admin\\frontend\\src\\features\\purchase-invoices\\components\\InvoiceLinesTable.tsx","statementMap":{"0":{"start":{"line":19,"column":67},"end":{"line":77,"column":null}},"1":{"start":{"line":25,"column":2},"end":{"line":75,"column":null}},"2":{"start":{"line":41,"column":14},"end":{"line":46,"column":null}}},"fnMap":{"0":{"name":"(anonymous_0)","decl":{"start":{"line":19,"column":67},"end":{"line":19,"column":68}},"loc":{"start":{"line":24,"column":6},"end":{"line":77,"column":null}},"line":24},"1":{"name":"(anonymous_1)","decl":{"start":{"line":40,"column":22},"end":{"line":40,"column":23}},"loc":{"start":{"line":41,"column":14},"end":{"line":46,"column":null}},"line":41}},"branchMap":{"0":{"loc":{"start":{"line":39,"column":11},"end":{"line":53,"column":null}},"type":"cond-expr","locations":[{"start":{"line":40,"column":12},"end":{"line":47,"column":null}},{"start":{"line":49,"column":12},"end":{"line":53,"column":null}}],"line":39},"1":{"loc":{"start":{"line":39,"column":11},"end":{"line":39,"column":null}},"type":"binary-expr","locations":[{"start":{"line":39,"column":11},"end":{"line":39,"column":20}},{"start":{"line":39,"column":20},"end":{"line":39,"column":null}}],"line":39}},"s":{"0":1,"1":17,"2":14},"f":{"0":17,"1":14},"b":{"0":[12,5],"1":[17,15]},"meta":{"lastBranch":2,"lastFunction":2,"lastStatement":3,"seen":{"s:19:67:77:Infinity":0,"f:19:67:19:68":0,"s:25:2:75:Infinity":1,"b:40:12:47:Infinity:49:12:53:Infinity":0,"b:39:11:39:20:39:20:39:Infinity":1,"f:40:22:40:23":1,"s:41:14:46:Infinity":2}}}
,"C:\\Users\\matth\\OneDrive\\Documenten\\GitHub\\zzp_admin\\frontend\\src\\features\\purchase-invoices\\components\\PurchaseInvoicesTable.tsx": {"path":"C:\\Users\\matth\\OneDrive\\Documenten\\GitHub\\zzp_admin\\frontend\\src\\features\\purchase-invoices\\components\\PurchaseInvoicesTable.tsx","statementMap":{"0":{"start":{"line":14,"column":75},"end":{"line":135,"column":null}},"1":{"start":{"line":19,"column":2},"end":{"line":133,"column":null}},"2":{"start":{"line":38,"column":14},"end":{"line":119,"column":null}},"3":{"start":{"line":40,"column":31},"end":{"line":40,"column":null}},"4":{"start":{"line":112,"column":22},"end":{"line":112,"column":null}}},"fnMap":{"0":{"name":"(anonymous_0)","decl":{"start":{"line":14,"column":75},"end":{"line":14,"column":76}},"loc":{"start":{"line":18,"column":6},"end":{"line":135,"column":null}},"line":18},"1":{"name":"(anonymous_1)","decl":{"start":{"line":37,"column":25},"end":{"line":37,"column":26}},"loc":{"start":{"line":38,"column":14},"end":{"line":119,"column":null}},"line":38},"2":{"name":"(anonymous_2)","decl":{"start":{"line":40,"column":25},"end":{"line":40,"column":31}},"loc":{"start":{"line":40,"column":31},"end":{"line":40,"column":null}},"line":40},"3":{"name":"(anonymous_3)","decl":{"start":{"line":111,"column":29},"end":{"line":111,"column":30}},"loc":{"start":{"line":112,"column":22},"end":{"line":112,"column":null}},"line":112}},"branchMap":{"0":{"loc":{"start":{"line":36,"column":11},"end":{"line":129,"column":null}},"type":"cond-expr","locations":[{"start":{"line":37,"column":12},"end":{"line":120,"column":null}},{"start":{"line":122,"column":12},"end":{"line":129,"column":null}}],"line":36},"1":{"loc":{"start":{"line":36,"column":11},"end":{"line":36,"column":null}},"type":"binary-expr","locations":[{"start":{"line":36,"column":11},"end":{"line":36,"column":23}},{"start":{"line":36,"column":23},"end":{"line":36,"column":null}}],"line":36},"2":{"loc":{"start":{"line":46,"column":21},"end":{"line":55,"column":null}},"type":"binary-expr","locations":[{"start":{"line":46,"column":21},"end":{"line":46,"column":null}},{"start":{"line":47,"column":22},"end":{"line":55,"column":null}}],"line":46},"3":{"loc":{"start":{"line":59,"column":21},"end":{"line":59,"column":73}},"type":"binary-expr","locations":[{"start":{"line":59,"column":21},"end":{"line":59,"column":46}},{"start":{"line":59,"column":46},"end":{"line":59,"column":69}},{"start":{"line":59,"column":69},"end":{"line":59,"column":73}}],"line":59},"4":{"loc":{"start":{"line":62,"column":41},"end":{"line":62,"column":90}},"type":"binary-expr","locations":[{"start":{"line":62,"column":41},"end":{"line":62,"column":71}},{"start":{"line":62,"column":71},"end":{"line":62,"column":90}}],"line":62},"5":{"loc":{"start":{"line":63,"column":21},"end":{"line":72,"column":null}},"type":"binary-expr","locations":[{"start":{"line":63,"column":21},"end":{"line":63,"column":48}},{"start":{"line":63,"column":48},"end":{"line":63,"column":null}},{"start":{"line":64,"column":22},"end":{"line":72,"column":null}}],"line":63},"6":{"loc":{"start":{"line":76,"column":21},"end":{"line":76,"column":45}},"type":"binary-expr","locations":[{"start":{"line":76,"column":21},"end":{"line":76,"column":41}},{"start":{"line":76,"column":41},"end":{"line":76,"column":45}}],"line":76},"7":{"loc":{"start":{"line":82,"column":21},"end":{"line":82,"column":null}},"type":"cond-expr","locations":[{"start":{"line":82,"column":48},"end":{"line":82,"column":65}},{"start":{"line":82,"column":65},"end":{"line":82,"column":null}}],"line":82},"8":{"loc":{"start":{"line":86,"column":34},"end":{"line":86,"column":null}},"type":"cond-expr","locations":[{"start":{"line":86,"column":53},"end":{"line":86,"column":62}},{"start":{"line":86,"column":62},"end":{"line":86,"column":null}}],"line":86},"9":{"loc":{"start":{"line":87,"column":21},"end":{"line":87,"column":null}},"type":"cond-expr","locations":[{"start":{"line":87,"column":40},"end":{"line":87,"column":53}},{"start":{"line":87,"column":53},"end":{"line":87,"column":null}}],"line":87},"10":{"loc":{"start":{"line":92,"column":20},"end":{"line":97,"column":null}},"type":"cond-expr","locations":[{"start":{"line":94,"column":26},"end":{"line":94,"column":null}},{"start":{"line":94,"column":26},"end":{"line":97,"column":null}}],"line":92},"11":{"loc":{"start":{"line":94,"column":26},"end":{"line":97,"column":null}},"type":"cond-expr","locations":[{"start":{"line":96,"column":26},"end":{"line":96,"column":null}},{"start":{"line":97,"column":26},"end":{"line":97,"column":null}}],"line":94},"12":{"loc":{"start":{"line":100,"column":21},"end":{"line":104,"column":null}},"type":"cond-expr","locations":[{"start":{"line":101,"column":24},"end":{"line":101,"column":null}},{"start":{"line":101,"column":24},"end":{"line":104,"column":null}}],"line":100},"13":{"loc":{"start":{"line":101,"column":24},"end":{"line":104,"column":null}},"type":"cond-expr","locations":[{"start":{"line":103,"column":24},"end":{"line":103,"column":null}},{"start":{"line":104,"column":24},"end":{"line":104,"column":null}}],"line":101}},"s":{"0":1,"1":29,"2":31,"3":2,"4":1},"f":{"0":29,"1":31,"2":2,"3":1},"b":{"0":[27,2],"1":[29,28],"2":[31,2],"3":[31,4,1],"4":[31,28],"5":[31,3,3],"6":[31,1],"7":[3,28],"8":[29,2],"9":[29,2],"10":[1,30],"11":[1,29],"12":[1,30],"13":[1,29]},"meta":{"lastBranch":14,"lastFunction":4,"lastStatement":5,"seen":{"s:14:75:135:Infinity":0,"f:14:75:14:76":0,"s:19:2:133:Infinity":1,"b:37:12:120:Infinity:122:12:129:Infinity":0,"b:36:11:36:23:36:23:36:Infinity":1,"f:37:25:37:26":1,"s:38:14:119:Infinity":2,"f:40:25:40:31":2,"s:40:31:40:Infinity":3,"b:46:21:46:Infinity:47:22:55:Infinity":2,"b:59:21:59:46:59:46:59:69:59:69:59:73":3,"b:62:41:62:71:62:71:62:90":4,"b:63:21:63:48:63:48:63:Infinity:64:22:72:Infinity":5,"b:76:21:76:41:76:41:76:45":6,"b:82:48:82:65:82:65:82:Infinity":7,"b:86:53:86:62:86:62:86:Infinity":8,"b:87:40:87:53:87:53:87:Infinity":9,"b:94:26:94:Infinity:94:26:97:Infinity":10,"b:96:26:96:Infinity:97:26:97:Infinity":11,"b:101:24:101:Infinity:101:24:104:Infinity":12,"b:103:24:103:Infinity:104:24:104:Infinity":13,"f:111:29:111:30":3,"s:112:22:112:Infinity":4}}}
,"C:\\Users\\matth\\OneDrive\\Documenten\\GitHub\\zzp_admin\\frontend\\src\\features\\purchase-invoices\\hooks\\usePurchaseInvoices.ts": {"path":"C:\\Users\\matth\\OneDrive\\Documenten\\GitHub\\zzp_admin\\frontend\\src\\features\\purchase-invoices\\hooks\\usePurchaseInvoices.ts","statementMap":{"0":{"start":{"line":13,"column":35},"end":{"line":21,"column":null}},"1":{"start":{"line":14,"column":2},"end":{"line":20,"column":null}},"2":{"start":{"line":17,"column":23},"end":{"line":17,"column":null}},"3":{"start":{"line":18,"column":6},"end":{"line":18,"column":null}},"4":{"start":{"line":24,"column":34},"end":{"line":33,"column":null}},"5":{"start":{"line":25,"column":2},"end":{"line":32,"column":null}},"6":{"start":{"line":28,"column":23},"end":{"line":28,"column":null}},"7":{"start":{"line":29,"column":6},"end":{"line":29,"column":null}},"8":{"start":{"line":36,"column":39},"end":{"line":44,"column":null}},"9":{"start":{"line":37,"column":2},"end":{"line":43,"column":null}},"10":{"start":{"line":40,"column":23},"end":{"line":40,"column":null}},"11":{"start":{"line":41,"column":6},"end":{"line":41,"column":null}},"12":{"start":{"line":47,"column":41},"end":{"line":55,"column":null}},"13":{"start":{"line":48,"column":2},"end":{"line":54,"column":null}},"14":{"start":{"line":51,"column":23},"end":{"line":51,"column":null}},"15":{"start":{"line":52,"column":6},"end":{"line":52,"column":null}},"16":{"start":{"line":58,"column":42},"end":{"line":66,"column":null}},"17":{"start":{"line":59,"column":2},"end":{"line":65,"column":null}},"18":{"start":{"line":62,"column":23},"end":{"line":62,"column":null}},"19":{"start":{"line":63,"column":6},"end":{"line":63,"column":null}},"20":{"start":{"line":69,"column":45},"end":{"line":78,"column":null}},"21":{"start":{"line":70,"column":2},"end":{"line":77,"column":null}},"22":{"start":{"line":73,"column":23},"end":{"line":73,"column":null}},"23":{"start":{"line":74,"column":6},"end":{"line":74,"column":null}},"24":{"start":{"line":81,"column":44},"end":{"line":90,"column":null}},"25":{"start":{"line":82,"column":2},"end":{"line":89,"column":null}},"26":{"start":{"line":85,"column":23},"end":{"line":85,"column":null}},"27":{"start":{"line":86,"column":6},"end":{"line":86,"column":null}},"28":{"start":{"line":93,"column":41},"end":{"line":107,"column":null}},"29":{"start":{"line":94,"column":8},"end":{"line":94,"column":null}},"30":{"start":{"line":96,"column":2},"end":{"line":106,"column":null}},"31":{"start":{"line":98,"column":23},"end":{"line":98,"column":null}},"32":{"start":{"line":99,"column":6},"end":{"line":99,"column":null}},"33":{"start":{"line":102,"column":6},"end":{"line":102,"column":null}},"34":{"start":{"line":103,"column":6},"end":{"line":103,"column":null}},"35":{"start":{"line":104,"column":6},"end":{"line":104,"column":null}},"36":{"start":{"line":110,"column":40},"end":{"line":124,"column":null}},"37":{"start":{"line":111,"column":8},"end":{"line":111,"column":null}},"38":{"start":{"line":113,"column":2},"end":{"line":123,"column":null}},"39":{"start":{"line":115,"column":23},"end":{"line":115,"column":null}},"40":{"start":{"line":116,"column":6},"end":{"line":116,"column":null}},"41":{"start":{"line":119,"column":6},"end":{"line":119,"column":null}},"42":{"start":{"line":120,"column":6},"end":{"line":120,"column":null}},"43":{"start":{"line":121,"column":6},"end":{"line":121,"column":null}},"44":{"start":{"line":127,"column":40},"end":{"line":146,"column":null}},"45":{"start":{"line":128,"column":8},"end":{"line":128,"column":null}},"46":{"start":{"line":130,"column":2},"end":{"line":145,"column":null}},"47":{"start":{"line":133,"column":22},"end":{"line":136,"column":null}},"48":{"start":{"line":137,"column":23},"end":{"line":137,"column":null}},"49":{"start":{"line":138,"column":6},"end":{"line":138,"column":null}},"50":{"start":{"line":141,"column":6},"end":{"line":141,"column":null}},"51":{"start":{"line":142,"column":6},"end":{"line":142,"column":null}},"52":{"start":{"line":143,"column":6},"end":{"line":143,"column":null}},"53":{"start":{"line":149,"column":46},"end":{"line":166,"column":null}},"54":{"start":{"line":150,"column":8},"end":{"line":150,"column":null}},"55":{"start":{"line":152,"column":2},"end":{"line":165,"column":null}},"56":{"start":{"line":154,"column":23},"end":{"line":157,"column":null}},"57":{"start":{"line":158,"column":6},"end":{"line":158,"column":null}},"58":{"start":{"line":161,"column":6},"end":{"line":161,"column":null}},"59":{"start":{"line":162,"column":6},"end":{"line":162,"column":null}},"60":{"start":{"line":163,"column":6},"end":{"line":163,"column":null}},"61":{"start":{"line":169,"column":40},"end":{"line":183,"column":null}},"62":{"start":{"line":170,"column":8},"end":{"line":170,"column":null}},"63":{"start":{"line":172,"column":2},"end":{"line":182,"column":null}},"64":{"start":{"line":174,"column":23},"end":{"line":174,"column":null}},"65":{"start":{"line":175,"column":6},"end":{"line":175,"column":null}},"66":{"start":{"line":178,"column":6},"end":{"line":178,"column":null}},"67":{"start":{"line":179,"column":6},"end":{"line":179,"column":null}},"68":{"start":{"line":180,"column":6},"end":{"line":180,"column":null}},"69":{"start":{"line":186,"column":41},"end":{"line":201,"column":null}},"70":{"start":{"line":187,"column":8},"end":{"line":187,"column":null}},"71":{"start":{"line":189,"column":2},"end":{"line":200,"column":null}},"72":{"start":{"line":191,"column":23},"end":{"line":194,"column":null}},"73":{"start":{"line":195,"column":6},"end":{"line":195,"column":null}},"74":{"start":{"line":198,"column":6},"end":{"line":198,"column":null}},"75":{"start":{"line":204,"column":44},"end":{"line":218,"column":null}},"76":{"start":{"line":205,"column":8},"end":{"line":205,"column":null}},"77":{"start":{"line":207,"column":2},"end":{"line":217,"column":null}},"78":{"start":{"line":209,"column":23},"end":{"line":211,"column":null}},"79":{"start":{"line":212,"column":6},"end":{"line":212,"column":null}},"80":{"start":{"line":215,"column":6},"end":{"line":215,"column":null}},"81":{"start":{"line":221,"column":49},"end":{"line":232,"column":null}},"82":{"start":{"line":222,"column":2},"end":{"line":231,"column":null}},"83":{"start":{"line":225,"column":23},"end":{"line":227,"column":null}},"84":{"start":{"line":228,"column":6},"end":{"line":228,"column":null}}},"fnMap":{"0":{"name":"(anonymous_0)","decl":{"start":{"line":13,"column":35},"end":{"line":13,"column":41}},"loc":{"start":{"line":13,"column":41},"end":{"line":21,"column":null}},"line":13},"1":{"name":"(anonymous_1)","decl":{"start":{"line":16,"column":13},"end":{"line":16,"column":25}},"loc":{"start":{"line":16,"column":25},"end":{"line":19,"column":null}},"line":16},"2":{"name":"(anonymous_2)","decl":{"start":{"line":24,"column":34},"end":{"line":24,"column":35}},"loc":{"start":{"line":24,"column":52},"end":{"line":33,"column":null}},"line":24},"3":{"name":"(anonymous_3)","decl":{"start":{"line":27,"column":13},"end":{"line":27,"column":25}},"loc":{"start":{"line":27,"column":25},"end":{"line":30,"column":null}},"line":27},"4":{"name":"(anonymous_4)","decl":{"start":{"line":36,"column":39},"end":{"line":36,"column":45}},"loc":{"start":{"line":36,"column":45},"end":{"line":44,"column":null}},"line":36},"5":{"name":"(anonymous_5)","decl":{"start":{"line":39,"column":13},"end":{"line":39,"column":25}},"loc":{"start":{"line":39,"column":25},"end":{"line":42,"column":null}},"line":39},"6":{"name":"(anonymous_6)","decl":{"start":{"line":47,"column":41},"end":{"line":47,"column":47}},"loc":{"start":{"line":47,"column":47},"end":{"line":55,"column":null}},"line":47},"7":{"name":"(anonymous_7)","decl":{"start":{"line":50,"column":13},"end":{"line":50,"column":25}},"loc":{"start":{"line":50,"column":25},"end":{"line":53,"column":null}},"line":50},"8":{"name":"(anonymous_8)","decl":{"start":{"line":58,"column":42},"end":{"line":58,"column":48}},"loc":{"start":{"line":58,"column":48},"end":{"line":66,"column":null}},"line":58},"9":{"name":"(anonymous_9)","decl":{"start":{"line":61,"column":13},"end":{"line":61,"column":25}},"loc":{"start":{"line":61,"column":25},"end":{"line":64,"column":null}},"line":61},"10":{"name":"(anonymous_10)","decl":{"start":{"line":69,"column":45},"end":{"line":69,"column":46}},"loc":{"start":{"line":69,"column":67},"end":{"line":78,"column":null}},"line":69},"11":{"name":"(anonymous_11)","decl":{"start":{"line":72,"column":13},"end":{"line":72,"column":25}},"loc":{"start":{"line":72,"column":25},"end":{"line":75,"column":null}},"line":72},"12":{"name":"(anonymous_12)","decl":{"start":{"line":81,"column":44},"end":{"line":81,"column":45}},"loc":{"start":{"line":81,"column":69},"end":{"line":90,"column":null}},"line":81},"13":{"name":"(anonymous_13)","decl":{"start":{"line":84,"column":13},"end":{"line":84,"column":25}},"loc":{"start":{"line":84,"column":25},"end":{"line":87,"column":null}},"line":84},"14":{"name":"(anonymous_14)","decl":{"start":{"line":93,"column":41},"end":{"line":93,"column":47}},"loc":{"start":{"line":93,"column":47},"end":{"line":107,"column":null}},"line":93},"15":{"name":"(anonymous_15)","decl":{"start":{"line":97,"column":16},"end":{"line":97,"column":23}},"loc":{"start":{"line":97,"column":48},"end":{"line":100,"column":null}},"line":97},"16":{"name":"(anonymous_16)","decl":{"start":{"line":101,"column":15},"end":{"line":101,"column":21}},"loc":{"start":{"line":101,"column":21},"end":{"line":105,"column":null}},"line":101},"17":{"name":"(anonymous_17)","decl":{"start":{"line":110,"column":40},"end":{"line":110,"column":46}},"loc":{"start":{"line":110,"column":46},"end":{"line":124,"column":null}},"line":110},"18":{"name":"(anonymous_18)","decl":{"start":{"line":114,"column":16},"end":{"line":114,"column":23}},"loc":{"start":{"line":114,"column":87},"end":{"line":117,"column":null}},"line":114},"19":{"name":"(anonymous_19)","decl":{"start":{"line":118,"column":15},"end":{"line":118,"column":21}},"loc":{"start":{"line":118,"column":21},"end":{"line":122,"column":null}},"line":118},"20":{"name":"(anonymous_20)","decl":{"start":{"line":127,"column":40},"end":{"line":127,"column":46}},"loc":{"start":{"line":127,"column":46},"end":{"line":146,"column":null}},"line":127},"21":{"name":"(anonymous_21)","decl":{"start":{"line":131,"column":16},"end":{"line":131,"column":23}},"loc":{"start":{"line":131,"column":100},"end":{"line":139,"column":null}},"line":131},"22":{"name":"(anonymous_22)","decl":{"start":{"line":140,"column":15},"end":{"line":140,"column":21}},"loc":{"start":{"line":140,"column":21},"end":{"line":144,"column":null}},"line":140},"23":{"name":"(anonymous_23)","decl":{"start":{"line":149,"column":46},"end":{"line":149,"column":52}},"loc":{"start":{"line":149,"column":52},"end":{"line":166,"column":null}},"line":149},"24":{"name":"(anonymous_24)","decl":{"start":{"line":153,"column":16},"end":{"line":153,"column":23}},"loc":{"start":{"line":153,"column":103},"end":{"line":159,"column":null}},"line":153},"25":{"name":"(anonymous_25)","decl":{"start":{"line":160,"column":15},"end":{"line":160,"column":21}},"loc":{"start":{"line":160,"column":21},"end":{"line":164,"column":null}},"line":160},"26":{"name":"(anonymous_26)","decl":{"start":{"line":169,"column":40},"end":{"line":169,"column":46}},"loc":{"start":{"line":169,"column":46},"end":{"line":183,"column":null}},"line":169},"27":{"name":"(anonymous_27)","decl":{"start":{"line":173,"column":16},"end":{"line":173,"column":23}},"loc":{"start":{"line":173,"column":40},"end":{"line":176,"column":null}},"line":173},"28":{"name":"(anonymous_28)","decl":{"start":{"line":177,"column":15},"end":{"line":177,"column":21}},"loc":{"start":{"line":177,"column":21},"end":{"line":181,"column":null}},"line":177},"29":{"name":"(anonymous_29)","decl":{"start":{"line":186,"column":41},"end":{"line":186,"column":47}},"loc":{"start":{"line":186,"column":47},"end":{"line":201,"column":null}},"line":186},"30":{"name":"(anonymous_30)","decl":{"start":{"line":190,"column":16},"end":{"line":190,"column":23}},"loc":{"start":{"line":190,"column":115},"end":{"line":196,"column":null}},"line":190},"31":{"name":"(anonymous_31)","decl":{"start":{"line":197,"column":15},"end":{"line":197,"column":21}},"loc":{"start":{"line":197,"column":21},"end":{"line":199,"column":null}},"line":197},"32":{"name":"(anonymous_32)","decl":{"start":{"line":204,"column":44},"end":{"line":204,"column":50}},"loc":{"start":{"line":204,"column":50},"end":{"line":218,"column":null}},"line":204},"33":{"name":"(anonymous_33)","decl":{"start":{"line":208,"column":16},"end":{"line":208,"column":23}},"loc":{"start":{"line":208,"column":96},"end":{"line":213,"column":null}},"line":208},"34":{"name":"(anonymous_34)","decl":{"start":{"line":214,"column":15},"end":{"line":214,"column":21}},"loc":{"start":{"line":214,"column":21},"end":{"line":216,"column":null}},"line":214},"35":{"name":"(anonymous_35)","decl":{"start":{"line":221,"column":49},"end":{"line":221,"column":50}},"loc":{"start":{"line":221,"column":79},"end":{"line":232,"column":null}},"line":221},"36":{"name":"(anonymous_36)","decl":{"start":{"line":224,"column":13},"end":{"line":224,"column":25}},"loc":{"start":{"line":224,"column":25},"end":{"line":229,"column":null}},"line":224}},"branchMap":{"0":{"loc":{"start":{"line":135,"column":12},"end":{"line":135,"column":null}},"type":"binary-expr","locations":[{"start":{"line":135,"column":12},"end":{"line":135,"column":21}},{"start":{"line":135,"column":21},"end":{"line":135,"column":null}}],"line":135}},"s":{"0":1,"1":4,"2":2,"3":1,"4":1,"5":3,"6":1,"7":1,"8":1,"9":2,"10":1,"11":1,"12":1,"13":2,"14":1,"15":1,"16":1,"17":2,"18":1,"19":1,"20":1,"21":3,"22":1,"23":1,"24":1,"25":3,"26":1,"27":1,"28":1,"29":2,"30":2,"31":1,"32":1,"33":1,"34":1,"35":1,"36":1,"37":2,"38":2,"39":1,"40":1,"41":1,"42":1,"43":1,"44":1,"45":4,"46":4,"47":2,"48":2,"49":2,"50":2,"51":2,"52":2,"53":1,"54":2,"55":2,"56":1,"57":1,"58":1,"59":1,"60":1,"61":1,"62":2,"63":2,"64":1,"65":1,"66":1,"67":1,"68":1,"69":1,"70":2,"71":2,"72":1,"73":1,"74":1,"75":1,"76":2,"77":2,"78":1,"79":1,"80":1,"81":1,"82":3,"83":1,"84":1},"f":{"0":4,"1":2,"2":3,"3":1,"4":2,"5":1,"6":2,"7":1,"8":2,"9":1,"10":3,"11":1,"12":3,"13":1,"14":2,"15":1,"16":1,"17":2,"18":1,"19":1,"20":4,"21":2,"22":2,"23":2,"24":1,"25":1,"26":2,"27":1,"28":1,"29":2,"30":1,"31":1,"32":2,"33":1,"34":1,"35":3,"36":1},"b":{"0":[2,1]},"meta":{"lastBranch":1,"lastFunction":37,"lastStatement":85,"seen":{"s:13:35:21:Infinity":0,"f:13:35:13:41":0,"s:14:2:20:Infinity":1,"f:16:13:16:25":1,"s:17:23:17:Infinity":2,"s:18:6:18:Infinity":3,"s:24:34:33:Infinity":4,"f:24:34:24:35":2,"s:25:2:32:Infinity":5,"f:27:13:27:25":3,"s:28:23:28:Infinity":6,"s:29:6:29:Infinity":7,"s:36:39:44:Infinity":8,"f:36:39:36:45":4,"s:37:2:43:Infinity":9,"f:39:13:39:25":5,"s:40:23:40:Infinity":10,"s:41:6:41:Infinity":11,"s:47:41:55:Infinity":12,"f:47:41:47:47":6,"s:48:2:54:Infinity":13,"f:50:13:50:25":7,"s:51:23:51:Infinity":14,"s:52:6:52:Infinity":15,"s:58:42:66:Infinity":16,"f:58:42:58:48":8,"s:59:2:65:Infinity":17,"f:61:13:61:25":9,"s:62:23:62:Infinity":18,"s:63:6:63:Infinity":19,"s:69:45:78:Infinity":20,"f:69:45:69:46":10,"s:70:2:77:Infinity":21,"f:72:13:72:25":11,"s:73:23:73:Infinity":22,"s:74:6:74:Infinity":23,"s:81:44:90:Infinity":24,"f:81:44:81:45":12,"s:82:2:89:Infinity":25,"f:84:13:84:25":13,"s:85:23:85:Infinity":26,"s:86:6:86:Infinity":27,"s:93:41:107:Infinity":28,"f:93:41:93:47":14,"s:94:8:94:Infinity":29,"s:96:2:106:Infinity":30,"f:97:16:97:23":15,"s:98:23:98:Infinity":31,"s:99:6:99:Infinity":32,"f:101:15:101:21":16,"s:102:6:102:Infinity":33,"s:103:6:103:Infinity":34,"s:104:6:104:Infinity":35,"s:110:40:124:Infinity":36,"f:110:40:110:46":17,"s:111:8:111:Infinity":37,"s:113:2:123:Infinity":38,"f:114:16:114:23":18,"s:115:23:115:Infinity":39,"s:116:6:116:Infinity":40,"f:118:15:118:21":19,"s:119:6:119:Infinity":41,"s:120:6:120:Infinity":42,"s:121:6:121:Infinity":43,"s:127:40:146:Infinity":44,"f:127:40:127:46":20,"s:128:8:128:Infinity":45,"s:130:2:145:Infinity":46,"f:131:16:131:23":21,"s:133:22:136:Infinity":47,"b:135:12:135:21:135:21:135:Infinity":0,"s:137:23:137:Infinity":48,"s:138:6:138:Infinity":49,"f:140:15:140:21":22,"s:141:6:141:Infinity":50,"s:142:6:142:Infinity":51,"s:143:6:143:Infinity":52,"s:149:46:166:Infinity":53,"f:149:46:149:52":23,"s:150:8:150:Infinity":54,"s:152:2:165:Infinity":55,"f:153:16:153:23":24,"s:154:23:157:Infinity":56,"s:158:6:158:Infinity":57,"f:160:15:160:21":25,"s:161:6:161:Infinity":58,"s:162:6:162:Infinity":59,"s:163:6:163:Infinity":60,"s:169:40:183:Infinity":61,"f:169:40:169:46":26,"s:170:8:170:Infinity":62,"s:172:2:182:Infinity":63,"f:173:16:173:23":27,"s:174:23:174:Infinity":64,"s:175:6:175:Infinity":65,"f:177:15:177:21":28,"s:178:6:178:Infinity":66,"s:179:6:179:Infinity":67,"s:180:6:180:Infinity":68,"s:186:41:201:Infinity":69,"f:186:41:186:47":29,"s:187:8:187:Infinity":70,"s:189:2:200:Infinity":71,"f:190:16:190:23":30,"s:191:23:194:Infinity":72,"s:195:6:195:Infinity":73,"f:197:15:197:21":31,"s:198:6:198:Infinity":74,"s:204:44:218:Infinity":75,"f:204:44:204:50":32,"s:205:8:205:Infinity":76,"s:207:2:217:Infinity":77,"f:208:16:208:23":33,"s:209:23:211:Infinity":78,"s:212:6:212:Infinity":79,"f:214:15:214:21":34,"s:215:6:215:Infinity":80,"s:221:49:232:Infinity":81,"f:221:49:221:50":35,"s:222:2:231:Infinity":82,"f:224:13:224:25":36,"s:225:23:227:Infinity":83,"s:228:6:228:Infinity":84}}}
,"C:\\Users\\matth\\OneDrive\\Documenten\\GitHub\\zzp_admin\\frontend\\src\\features\\purchase-invoices\\utils\\invoiceHelpers.ts": {"path":"C:\\Users\\matth\\OneDrive\\Documenten\\GitHub\\zzp_admin\\frontend\\src\\features\\purchase-invoices\\utils\\invoiceHelpers.ts","statementMap":{"0":{"start":{"line":12,"column":32},"end":{"line":25,"column":null}},"1":{"start":{"line":15,"column":8},"end":{"line":15,"column":null}},"2":{"start":{"line":18,"column":90},"end":{"line":22,"column":null}},"3":{"start":{"line":24,"column":2},"end":{"line":24,"column":null}},"4":{"start":{"line":27,"column":39},"end":{"line":32,"column":null}},"5":{"start":{"line":30,"column":2},"end":{"line":30,"column":null}},"6":{"start":{"line":30,"column":36},"end":{"line":30,"column":null}},"7":{"start":{"line":31,"column":2},"end":{"line":31,"column":null}},"8":{"start":{"line":31,"column":37},"end":{"line":31,"column":70}},"9":{"start":{"line":34,"column":32},"end":{"line":62,"column":null}},"10":{"start":{"line":35,"column":2},"end":{"line":61,"column":null}},"11":{"start":{"line":64,"column":36},"end":{"line":73,"column":null}},"12":{"start":{"line":65,"column":2},"end":{"line":72,"column":null}},"13":{"start":{"line":75,"column":32},"end":{"line":83,"column":null}},"14":{"start":{"line":76,"column":23},"end":{"line":81,"column":null}},"15":{"start":{"line":82,"column":2},"end":{"line":82,"column":null}},"16":{"start":{"line":85,"column":44},"end":{"line":94,"column":null}},"17":{"start":{"line":86,"column":2},"end":{"line":93,"column":null}},"18":{"start":{"line":86,"column":30},"end":{"line":93,"column":4}}},"fnMap":{"0":{"name":"(anonymous_0)","decl":{"start":{"line":12,"column":32},"end":{"line":12,"column":null}},"loc":{"start":{"line":14,"column":49},"end":{"line":25,"column":null}},"line":14},"1":{"name":"(anonymous_1)","decl":{"start":{"line":27,"column":39},"end":{"line":27,"column":null}},"loc":{"start":{"line":29,"column":13},"end":{"line":32,"column":null}},"line":29},"2":{"name":"(anonymous_2)","decl":{"start":{"line":31,"column":22},"end":{"line":31,"column":23}},"loc":{"start":{"line":31,"column":37},"end":{"line":31,"column":70}},"line":31},"3":{"name":"(anonymous_3)","decl":{"start":{"line":34,"column":32},"end":{"line":34,"column":55}},"loc":{"start":{"line":34,"column":55},"end":{"line":62,"column":null}},"line":34},"4":{"name":"(anonymous_4)","decl":{"start":{"line":64,"column":36},"end":{"line":64,"column":63}},"loc":{"start":{"line":64,"column":63},"end":{"line":73,"column":null}},"line":64},"5":{"name":"(anonymous_5)","decl":{"start":{"line":75,"column":32},"end":{"line":75,"column":33}},"loc":{"start":{"line":75,"column":57},"end":{"line":83,"column":null}},"line":75},"6":{"name":"(anonymous_6)","decl":{"start":{"line":85,"column":44},"end":{"line":85,"column":45}},"loc":{"start":{"line":85,"column":78},"end":{"line":94,"column":null}},"line":85},"7":{"name":"(anonymous_7)","decl":{"start":{"line":86,"column":19},"end":{"line":86,"column":20}},"loc":{"start":{"line":86,"column":30},"end":{"line":93,"column":4}},"line":86}},"branchMap":{"0":{"loc":{"start":{"line":30,"column":2},"end":{"line":30,"column":null}},"type":"if","locations":[{"start":{"line":30,"column":2},"end":{"line":30,"column":null}},{"start":{},"end":{}}],"line":30},"1":{"loc":{"start":{"line":30,"column":6},"end":{"line":30,"column":36}},"type":"binary-expr","locations":[{"start":{"line":30,"column":6},"end":{"line":30,"column":16}},{"start":{"line":30,"column":16},"end":{"line":30,"column":36}}],"line":30},"2":{"loc":{"start":{"line":31,"column":44},"end":{"line":31,"column":70}},"type":"binary-expr","locations":[{"start":{"line":31,"column":44},"end":{"line":31,"column":66}},{"start":{"line":31,"column":66},"end":{"line":31,"column":70}}],"line":31},"3":{"loc":{"start":{"line":87,"column":10},"end":{"line":87,"column":null}},"type":"cond-expr","locations":[{"start":{"line":87,"column":42},"end":{"line":87,"column":54}},{"start":{"line":87,"column":54},"end":{"line":87,"column":null}}],"line":87},"4":{"loc":{"start":{"line":92,"column":17},"end":{"line":92,"column":null}},"type":"binary-expr","locations":[{"start":{"line":92,"column":17},"end":{"line":92,"column":34}},{"start":{"line":92,"column":34},"end":{"line":92,"column":null}}],"line":92}},"s":{"0":3,"1":127,"2":127,"3":127,"4":3,"5":22,"6":7,"7":15,"8":20,"9":3,"10":4,"11":3,"12":3,"13":3,"14":7,"15":7,"16":3,"17":5,"18":6},"f":{"0":127,"1":22,"2":20,"3":4,"4":3,"5":7,"6":5,"7":6},"b":{"0":[7,15],"1":[22,19],"2":[20,1],"3":[2,4],"4":[6,1]},"meta":{"lastBranch":5,"lastFunction":8,"lastStatement":19,"seen":{"s:12:32:25:Infinity":0,"f:12:32:12:Infinity":0,"s:15:8:15:Infinity":1,"s:18:90:22:Infinity":2,"s:24:2:24:Infinity":3,"s:27:39:32:Infinity":4,"f:27:39:27:Infinity":1,"b:30:2:30:Infinity:undefined:undefined:undefined:undefined":0,"s:30:2:30:Infinity":5,"b:30:6:30:16:30:16:30:36":1,"s:30:36:30:Infinity":6,"s:31:2:31:Infinity":7,"f:31:22:31:23":2,"s:31:37:31:70":8,"b:31:44:31:66:31:66:31:70":2,"s:34:32:62:Infinity":9,"f:34:32:34:55":3,"s:35:2:61:Infinity":10,"s:64:36:73:Infinity":11,"f:64:36:64:63":4,"s:65:2:72:Infinity":12,"s:75:32:83:Infinity":13,"f:75:32:75:33":5,"s:76:23:81:Infinity":14,"s:82:2:82:Infinity":15,"s:85:44:94:Infinity":16,"f:85:44:85:45":6,"s:86:2:93:Infinity":17,"f:86:19:86:20":7,"s:86:30:93:4":18,"b:87:42:87:54:87:54:87:Infinity":3,"b:92:17:92:34:92:34:92:Infinity":4}}}
,"C:\\Users\\matth\\OneDrive\\Documenten\\GitHub\\zzp_admin\\frontend\\src\\features\\sales-invoices\\hooks\\useSalesInvoices.ts": {"path":"C:\\Users\\matth\\OneDrive\\Documenten\\GitHub\\zzp_admin\\frontend\\src\\features\\sales-invoices\\hooks\\useSalesInvoices.ts","statementMap":{"0":{"start":{"line":63,"column":32},"end":{"line":71,"column":null}},"1":{"start":{"line":64,"column":2},"end":{"line":70,"column":null}},"2":{"start":{"line":67,"column":23},"end":{"line":67,"column":null}},"3":{"start":{"line":68,"column":6},"end":{"line":68,"column":null}},"4":{"start":{"line":74,"column":31},"end":{"line":83,"column":null}},"5":{"start":{"line":75,"column":2},"end":{"line":82,"column":null}},"6":{"start":{"line":78,"column":23},"end":{"line":78,"column":null}},"7":{"start":{"line":79,"column":6},"end":{"line":79,"column":null}},"8":{"start":{"line":86,"column":37},"end":{"line":98,"column":null}},"9":{"start":{"line":87,"column":8},"end":{"line":87,"column":null}},"10":{"start":{"line":89,"column":2},"end":{"line":97,"column":null}},"11":{"start":{"line":91,"column":23},"end":{"line":91,"column":null}},"12":{"start":{"line":92,"column":6},"end":{"line":92,"column":null}},"13":{"start":{"line":95,"column":6},"end":{"line":95,"column":null}},"14":{"start":{"line":101,"column":37},"end":{"line":113,"column":null}},"15":{"start":{"line":102,"column":8},"end":{"line":102,"column":null}},"16":{"start":{"line":104,"column":2},"end":{"line":112,"column":null}},"17":{"start":{"line":106,"column":23},"end":{"line":106,"column":null}},"18":{"start":{"line":107,"column":6},"end":{"line":107,"column":null}},"19":{"start":{"line":110,"column":6},"end":{"line":110,"column":null}},"20":{"start":{"line":116,"column":37},"end":{"line":127,"column":null}},"21":{"start":{"line":117,"column":8},"end":{"line":117,"column":null}},"22":{"start":{"line":119,"column":2},"end":{"line":126,"column":null}},"23":{"start":{"line":121,"column":6},"end":{"line":121,"column":null}},"24":{"start":{"line":124,"column":6},"end":{"line":124,"column":null}}},"fnMap":{"0":{"name":"(anonymous_0)","decl":{"start":{"line":63,"column":32},"end":{"line":63,"column":38}},"loc":{"start":{"line":63,"column":38},"end":{"line":71,"column":null}},"line":63},"1":{"name":"(anonymous_1)","decl":{"start":{"line":66,"column":13},"end":{"line":66,"column":25}},"loc":{"start":{"line":66,"column":25},"end":{"line":69,"column":null}},"line":66},"2":{"name":"(anonymous_2)","decl":{"start":{"line":74,"column":31},"end":{"line":74,"column":32}},"loc":{"start":{"line":74,"column":49},"end":{"line":83,"column":null}},"line":74},"3":{"name":"(anonymous_3)","decl":{"start":{"line":77,"column":13},"end":{"line":77,"column":25}},"loc":{"start":{"line":77,"column":25},"end":{"line":80,"column":null}},"line":77},"4":{"name":"(anonymous_4)","decl":{"start":{"line":86,"column":37},"end":{"line":86,"column":43}},"loc":{"start":{"line":86,"column":43},"end":{"line":98,"column":null}},"line":86},"5":{"name":"(anonymous_5)","decl":{"start":{"line":90,"column":16},"end":{"line":90,"column":23}},"loc":{"start":{"line":90,"column":61},"end":{"line":93,"column":null}},"line":90},"6":{"name":"(anonymous_6)","decl":{"start":{"line":94,"column":15},"end":{"line":94,"column":21}},"loc":{"start":{"line":94,"column":21},"end":{"line":96,"column":null}},"line":94},"7":{"name":"(anonymous_7)","decl":{"start":{"line":101,"column":37},"end":{"line":101,"column":43}},"loc":{"start":{"line":101,"column":43},"end":{"line":113,"column":null}},"line":101},"8":{"name":"(anonymous_8)","decl":{"start":{"line":105,"column":16},"end":{"line":105,"column":23}},"loc":{"start":{"line":105,"column":99},"end":{"line":108,"column":null}},"line":105},"9":{"name":"(anonymous_9)","decl":{"start":{"line":109,"column":15},"end":{"line":109,"column":21}},"loc":{"start":{"line":109,"column":21},"end":{"line":111,"column":null}},"line":109},"10":{"name":"(anonymous_10)","decl":{"start":{"line":116,"column":37},"end":{"line":116,"column":43}},"loc":{"start":{"line":116,"column":43},"end":{"line":127,"column":null}},"line":116},"11":{"name":"(anonymous_11)","decl":{"start":{"line":120,"column":16},"end":{"line":120,"column":23}},"loc":{"start":{"line":120,"column":40},"end":{"line":122,"column":null}},"line":120},"12":{"name":"(anonymous_12)","decl":{"start":{"line":123,"column":15},"end":{"line":123,"column":21}},"loc":{"start":{"line":123,"column":21},"end":{"line":125,"column":null}},"line":123}},"branchMap":{},"s":{"0":1,"1":4,"2":2,"3":1,"4":1,"5":3,"6":1,"7":1,"8":1,"9":2,"10":2,"11":1,"12":1,"13":1,"14":1,"15":2,"16":2,"17":1,"18":1,"19":1,"20":1,"21":2,"22":2,"23":1,"24":1},"f":{"0":4,"1":2,"2":3,"3":1,"4":2,"5":1,"6":1,"7":2,"8":1,"9":1,"10":2,"11":1,"12":1},"b":{},"meta":{"lastBranch":0,"lastFunction":13,"lastStatement":25,"seen":{"s:63:32:71:Infinity":0,"f:63:32:63:38":0,"s:64:2:70:Infinity":1,"f:66:13:66:25":1,"s:67:23:67:Infinity":2,"s:68:6:68:Infinity":3,"s:74:31:83:Infinity":4,"f:74:31:74:32":2,"s:75:2:82:Infinity":5,"f:77:13:77:25":3,"s:78:23:78:Infinity":6,"s:79:6:79:Infinity":7,"s:86:37:98:Infinity":8,"f:86:37:86:43":4,"s:87:8:87:Infinity":9,"s:89:2:97:Infinity":10,"f:90:16:90:23":5,"s:91:23:91:Infinity":11,"s:92:6:92:Infinity":12,"f:94:15:94:21":6,"s:95:6:95:Infinity":13,"s:101:37:113:Infinity":14,"f:101:37:101:43":7,"s:102:8:102:Infinity":15,"s:104:2:112:Infinity":16,"f:105:16:105:23":8,"s:106:23:106:Infinity":17,"s:107:6:107:Infinity":18,"f:109:15:109:21":9,"s:110:6:110:Infinity":19,"s:116:37:127:Infinity":20,"f:116:37:116:43":10,"s:117:8:117:Infinity":21,"s:119:2:126:Infinity":22,"f:120:16:120:23":11,"s:121:6:121:Infinity":23,"f:123:15:123:21":12,"s:124:6:124:Infinity":24}}}
[...]
,"C:\\Users\\matth\\OneDrive\\Documenten\\GitHub\\zzp_admin\\frontend\\src\\lib\\utils.ts": {"path":"C:\\Users\\matth\\OneDrive\\Documenten\\GitHub\\zzp_admin\\frontend\\src\\lib\\utils.ts","statementMap":{"0":{"start":{"line":5,"column":2},"end":{"line":5,"column":null}}},"fnMap":{"0":{"name":"cn","decl":{"start":{"line":4,"column":16},"end":{"line":4,"column":22}},"loc":{"start":{"line":4,"column":44},"end":{"line":6,"column":null}},"line":4}},"branchMap":{},"s":{"0":735},"f":{"0":735},"b":{},"meta":{"lastBranch":0,"lastFunction":1,"lastStatement":1,"seen":{"f:4:16:4:22":0,"s:5:2:5:Infinity":0}}}
,"C:\\Users\\matth\\OneDrive\\Documenten\\GitHub\\zzp_admin\\frontend\\src\\lib\\validation.ts": {"path":"C:\\Users\\matth\\OneDrive\\Documenten\\GitHub\\zzp_admin\\frontend\\src\\lib\\validation.ts","statementMap":{"0":{"start":{"line":8,"column":27},"end":{"line":8,"column":null}},"1":{"start":{"line":11,"column":31},"end":{"line":13,"column":null}},"2":{"start":{"line":16,"column":26},"end":{"line":16,"column":null}},"3":{"start":{"line":17,"column":34},"end":{"line":17,"column":null}},"4":{"start":{"line":20,"column":30},"end":{"line":20,"column":null}},"5":{"start":{"line":23,"column":36},"end":{"line":23,"column":null}},"6":{"start":{"line":24,"column":39},"end":{"line":24,"column":null}},"7":{"start":{"line":27,"column":32},"end":{"line":27,"column":null}},"8":{"start":{"line":32,"column":34},"end":{"line":49,"column":null}},"9":{"start":{"line":56,"column":43},"end":{"line":82,"column":null}},"10":{"start":{"line":66,"column":2},"end":{"line":68,"column":null}},"11":{"start":{"line":67,"column":4},"end":{"line":67,"column":null}},"12":{"start":{"line":69,"column":2},"end":{"line":69,"column":null}},"13":{"start":{"line":75,"column":2},"end":{"line":77,"column":null}},"14":{"start":{"line":76,"column":4},"end":{"line":76,"column":null}},"15":{"start":{"line":78,"column":2},"end":{"line":78,"column":null}},"16":{"start":{"line":89,"column":29},"end":{"line":98,"column":null}},"17":{"start":{"line":105,"column":34},"end":{"line":126,"column":null}},"18":{"start":{"line":119,"column":2},"end":{"line":121,"column":null}},"19":{"start":{"line":120,"column":4},"end":{"line":120,"column":null}},"20":{"start":{"line":122,"column":2},"end":{"line":122,"column":null}}},"fnMap":{"0":{"name":"(anonymous_0)","decl":{"start":{"line":63,"column":10},"end":{"line":63,"column":11}},"loc":{"start":{"line":63,"column":20},"end":{"line":70,"column":3}},"line":63},"1":{"name":"(anonymous_1)","decl":{"start":{"line":73,"column":10},"end":{"line":73,"column":11}},"loc":{"start":{"line":73,"column":20},"end":{"line":79,"column":3}},"line":73},"2":{"name":"(anonymous_2)","decl":{"start":{"line":117,"column":10},"end":{"line":117,"column":11}},"loc":{"start":{"line":117,"column":20},"end":{"line":123,"column":3}},"line":117}},"branchMap":{"0":{"loc":{"start":{"line":66,"column":2},"end":{"line":68,"column":null}},"type":"if","locations":[{"start":{"line":66,"column":2},"end":{"line":68,"column":null}},{"start":{},"end":{}}],"line":66},"1":{"loc":{"start":{"line":66,"column":6},"end":{"line":66,"column":51}},"type":"binary-expr","locations":[{"start":{"line":66,"column":6},"end":{"line":66,"column":32}},{"start":{"line":66,"column":32},"end":{"line":66,"column":51}}],"line":66},"2":{"loc":{"start":{"line":75,"column":2},"end":{"line":77,"column":null}},"type":"if","locations":[{"start":{"line":75,"column":2},"end":{"line":77,"column":null}},{"start":{},"end":{}}],"line":75},"3":{"loc":{"start":{"line":75,"column":6},"end":{"line":75,"column":50}},"type":"binary-expr","locations":[{"start":{"line":75,"column":6},"end":{"line":75,"column":30}},{"start":{"line":75,"column":30},"end":{"line":75,"column":50}}],"line":75},"4":{"loc":{"start":{"line":119,"column":2},"end":{"line":121,"column":null}},"type":"if","locations":[{"start":{"line":119,"column":2},"end":{"line":121,"column":null}},{"start":{},"end":{}}],"line":119},"5":{"loc":{"start":{"line":119,"column":6},"end":{"line":119,"column":38}},"type":"binary-expr","locations":[{"start":{"line":119,"column":6},"end":{"line":119,"column":22}},{"start":{"line":119,"column":22},"end":{"line":119,"column":38}}],"line":119}},"s":{"0":1,"1":1,"2":1,"3":1,"4":1,"5":1,"6":1,"7":1,"8":1,"9":1,"10":6,"11":1,"12":5,"13":6,"14":3,"15":3,"16":1,"17":1,"18":14,"19":13,"20":1},"f":{"0":6,"1":6,"2":14},"b":{"0":[1,5],"1":[6,2],"2":[3,3],"3":[6,3],"4":[13,1],"5":[14,13]},"meta":{"lastBranch":6,"lastFunction":3,"lastStatement":21,"seen":{"s:8:27:8:Infinity":0,"s:11:31:13:Infinity":1,"s:16:26:16:Infinity":2,"s:17:34:17:Infinity":3,"s:20:30:20:Infinity":4,"s:23:36:23:Infinity":5,"s:24:39:24:Infinity":6,"s:27:32:27:Infinity":7,"s:32:34:49:Infinity":8,"s:56:43:82:Infinity":9,"f:63:10:63:11":0,"b:66:2:68:Infinity:undefined:undefined:undefined:undefined":0,"s:66:2:68:Infinity":10,"b:66:6:66:32:66:32:66:51":1,"s:67:4:67:Infinity":11,"s:69:2:69:Infinity":12,"f:73:10:73:11":1,"b:75:2:77:Infinity:undefined:undefined:undefined:undefined":2,"s:75:2:77:Infinity":13,"b:75:6:75:30:75:30:75:50":3,"s:76:4:76:Infinity":14,"s:78:2:78:Infinity":15,"s:89:29:98:Infinity":16,"s:105:34:126:Infinity":17,"f:117:10:117:11":2,"b:119:2:121:Infinity:undefined:undefined:undefined:undefined":4,"s:119:2:121:Infinity":18,"b:119:6:119:22:119:22:119:38":5,"s:120:4:120:Infinity":19,"s:122:2:122:Infinity":20}}}
,"C:\\Users\\matth\\OneDrive\\Documenten\\GitHub\\zzp_admin\\frontend\\src\\utils\\formatters.ts": {"path":"C:\\Users\\matth\\OneDrive\\Documenten\\GitHub\\zzp_admin\\frontend\\src\\utils\\formatters.ts","statementMap":{"0":{"start":{"line":5,"column":30},"end":{"line":10,"column":null}},"1":{"start":{"line":6,"column":2},"end":{"line":9,"column":null}},"2":{"start":{"line":12,"column":33},"end":{"line":17,"column":null}},"3":{"start":{"line":13,"column":2},"end":{"line":16,"column":null}},"4":{"start":{"line":19,"column":26},"end":{"line":26,"column":null}},"5":{"start":{"line":20,"column":2},"end":{"line":20,"column":null}},"6":{"start":{"line":20,"column":19},"end":{"line":20,"column":null}},"7":{"start":{"line":21,"column":15},"end":{"line":21,"column":null}},"8":{"start":{"line":22,"column":14},"end":{"line":22,"column":null}},"9":{"start":{"line":23,"column":16},"end":{"line":23,"column":null}},"10":{"start":{"line":24,"column":15},"end":{"line":24,"column":null}},"11":{"start":{"line":25,"column":2},"end":{"line":25,"column":null}},"12":{"start":{"line":28,"column":28},"end":{"line":60,"column":null}},"13":{"start":{"line":32,"column":2},"end":{"line":34,"column":null}},"14":{"start":{"line":33,"column":4},"end":{"line":33,"column":null}},"15":{"start":{"line":36,"column":16},"end":{"line":36,"column":null}},"16":{"start":{"line":37,"column":14},"end":{"line":37,"column":null}},"17":{"start":{"line":39,"column":19},"end":{"line":39,"column":null}},"18":{"start":{"line":40,"column":21},"end":{"line":40,"column":null}},"19":{"start":{"line":41,"column":17},"end":{"line":41,"column":null}},"20":{"start":{"line":42,"column":19},"end":{"line":42,"column":null}},"21":{"start":{"line":43,"column":18},"end":{"line":43,"column":null}},"22":{"start":{"line":46,"column":2},"end":{"line":59,"column":null}},"23":{"start":{"line":51,"column":4},"end":{"line":51,"column":null}},"24":{"start":{"line":52,"column":2},"end":{"line":59,"column":null}},"25":{"start":{"line":54,"column":4},"end":{"line":54,"column":null}},"26":{"start":{"line":57,"column":22},"end":{"line":57,"column":null}},"27":{"start":{"line":58,"column":4},"end":{"line":58,"column":null}},"28":{"start":{"line":62,"column":33},"end":{"line":69,"column":null}},"29":{"start":{"line":63,"column":2},"end":{"line":63,"column":null}},"30":{"start":{"line":63,"column":29},"end":{"line":63,"column":null}},"31":{"start":{"line":65,"column":2},"end":{"line":68,"column":null}},"32":{"start":{"line":71,"column":32},"end":{"line":76,"column":null}},"33":{"start":{"line":73,"column":18},"end":{"line":73,"column":null}},"34":{"start":{"line":74,"column":17},"end":{"line":74,"column":null}},"35":{"start":{"line":75,"column":2},"end":{"line":75,"column":null}},"36":{"start":{"line":78,"column":35},"end":{"line":85,"column":null}},"37":{"start":{"line":82,"column":2},"end":{"line":82,"column":null}},"38":{"start":{"line":82,"column":20},"end":{"line":82,"column":null}},"39":{"start":{"line":83,"column":2},"end":{"line":83,"column":null}},"40":{"start":{"line":83,"column":39},"end":{"line":83,"column":null}},"41":{"start":{"line":84,"column":2},"end":{"line":84,"column":null}},"42":{"start":{"line":87,"column":34},"end":{"line":97,"column":null}},"43":{"start":{"line":88,"column":43},"end":{"line":95,"column":null}},"44":{"start":{"line":96,"column":2},"end":{"line":96,"column":null}}},"fnMap":{"0":{"name":"(anonymous_0)","decl":{"start":{"line":5,"column":30},"end":{"line":5,"column":31}},"loc":{"start":{"line":5,"column":84},"end":{"line":10,"column":null}},"line":5},"1":{"name":"(anonymous_1)","decl":{"start":{"line":12,"column":33},"end":{"line":12,"column":34}},"loc":{"start":{"line":12,"column":87},"end":{"line":17,"column":null}},"line":12},"2":{"name":"(anonymous_2)","decl":{"start":{"line":19,"column":26},"end":{"line":19,"column":27}},"loc":{"start":{"line":19,"column":65},"end":{"line":26,"column":null}},"line":19},"3":{"name":"(anonymous_3)","decl":{"start":{"line":28,"column":28},"end":{"line":28,"column":null}},"loc":{"start":{"line":31,"column":13},"end":{"line":60,"column":null}},"line":31},"4":{"name":"(anonymous_4)","decl":{"start":{"line":62,"column":33},"end":{"line":62,"column":34}},"loc":{"start":{"line":62,"column":60},"end":{"line":69,"column":null}},"line":62},"5":{"name":"(anonymous_5)","decl":{"start":{"line":71,"column":32},"end":{"line":71,"column":33}},"loc":{"start":{"line":71,"column":59},"end":{"line":76,"column":null}},"line":71},"6":{"name":"(anonymous_6)","decl":{"start":{"line":78,"column":35},"end":{"line":78,"column":null}},"loc":{"start":{"line":81,"column":13},"end":{"line":85,"column":null}},"line":81},"7":{"name":"(anonymous_7)","decl":{"start":{"line":87,"column":34},"end":{"line":87,"column":35}},"loc":{"start":{"line":87,"column":61},"end":{"line":97,"column":null}},"line":87}},"branchMap":{"0":{"loc":{"start":{"line":5,"column":47},"end":{"line":5,"column":84}},"type":"default-arg","locations":[{"start":{"line":5,"column":66},"end":{"line":5,"column":84}}],"line":5},"1":{"loc":{"start":{"line":12,"column":50},"end":{"line":12,"column":87}},"type":"default-arg","locations":[{"start":{"line":12,"column":69},"end":{"line":12,"column":87}}],"line":12},"2":{"loc":{"start":{"line":20,"column":2},"end":{"line":20,"column":null}},"type":"if","locations":[{"start":{"line":20,"column":2},"end":{"line":20,"column":null}},{"start":{},"end":{}}],"line":20},"3":{"loc":{"start":{"line":32,"column":2},"end":{"line":34,"column":null}},"type":"if","locations":[{"start":{"line":32,"column":2},"end":{"line":34,"column":null}},{"start":{},"end":{}}],"line":32},"4":{"loc":{"start":{"line":32,"column":6},"end":{"line":32,"column":30}},"type":"binary-expr","locations":[{"start":{"line":32,"column":6},"end":{"line":32,"column":20}},{"start":{"line":32,"column":20},"end":{"line":32,"column":30}}],"line":32},"5":{"loc":{"start":{"line":46,"column":2},"end":{"line":59,"column":null}},"type":"if","locations":[{"start":{"line":46,"column":2},"end":{"line":59,"column":null}},{"start":{"line":52,"column":2},"end":{"line":59,"column":null}}],"line":46},"6":{"loc":{"start":{"line":47,"column":4},"end":{"line":48,"column":null}},"type":"binary-expr","locations":[{"start":{"line":47,"column":4},"end":{"line":47,"column":null}},{"start":{"line":48,"column":4},"end":{"line":48,"column":null}}],"line":47},"7":{"loc":{"start":{"line":52,"column":2},"end":{"line":59,"column":null}},"type":"if","locations":[{"start":{"line":52,"column":2},"end":{"line":59,"column":null}},{"start":{"line":55,"column":9},"end":{"line":59,"column":null}}],"line":52},"8":{"loc":{"start":{"line":63,"column":2},"end":{"line":63,"column":null}},"type":"if","locations":[{"start":{"line":63,"column":2},"end":{"line":63,"column":null}},{"start":{},"end":{}}],"line":63},"9":{"loc":{"start":{"line":63,"column":6},"end":{"line":63,"column":29}},"type":"binary-expr","locations":[{"start":{"line":63,"column":6},"end":{"line":63,"column":16}},{"start":{"line":63,"column":16},"end":{"line":63,"column":29}}],"line":63},"10":{"loc":{"start":{"line":75,"column":9},"end":{"line":75,"column":null}},"type":"cond-expr","locations":[{"start":{"line":75,"column":25},"end":{"line":75,"column":29}},{"start":{"line":75,"column":29},"end":{"line":75,"column":null}}],"line":75},"11":{"loc":{"start":{"line":80,"column":2},"end":{"line":80,"column":null}},"type":"default-arg","locations":[{"start":{"line":80,"column":22},"end":{"line":80,"column":null}}],"line":80},"12":{"loc":{"start":{"line":82,"column":2},"end":{"line":82,"column":null}},"type":"if","locations":[{"start":{"line":82,"column":2},"end":{"line":82,"column":null}},{"start":{},"end":{}}],"line":82},"13":{"loc":{"start":{"line":83,"column":2},"end":{"line":83,"column":null}},"type":"if","locations":[{"start":{"line":83,"column":2},"end":{"line":83,"column":null}},{"start":{},"end":{}}],"line":83},"14":{"loc":{"start":{"line":96,"column":9},"end":{"line":96,"column":null}},"type":"binary-expr","locations":[{"start":{"line":96,"column":9},"end":{"line":96,"column":42}},{"start":{"line":96,"column":42},"end":{"line":96,"column":null}}],"line":96}},"s":{"0":5,"1":67,"2":5,"3":75,"4":5,"5":120,"6":2,"7":118,"8":118,"9":118,"10":118,"11":118,"12":5,"13":9,"14":3,"15":6,"16":6,"17":6,"18":6,"19":6,"20":6,"21":6,"22":6,"23":4,"24":2,"25":1,"26":1,"27":1,"28":5,"29":7,"30":2,"31":5,"32":5,"33":7,"34":7,"35":7,"36":5,"37":37,"38":2,"39":35,"40":35,"41":2,"42":5,"43":18,"44":18},"f":{"0":67,"1":75,"2":120,"3":9,"4":7,"5":7,"6":37,"7":18},"b":{"0":[67],"1":[75],"2":[2,118],"3":[3,6],"4":[9,7],"5":[4,2],"6":[6,4],"7":[1,1],"8":[2,5],"9":[7,3],"10":[2,5],"11":[37],"12":[2,35],"13":[33,2],"14":[18,2]},"meta":{"lastBranch":15,"lastFunction":8,"lastStatement":45,"seen":{"s:5:30:10:Infinity":0,"f:5:30:5:31":0,"b:5:66:5:84":0,"s:6:2:9:Infinity":1,"s:12:33:17:Infinity":2,"f:12:33:12:34":1,"b:12:69:12:87":1,"s:13:2:16:Infinity":3,"s:19:26:26:Infinity":4,"f:19:26:19:27":2,"b:20:2:20:Infinity:undefined:undefined:undefined:undefined":2,"s:20:2:20:Infinity":5,"s:20:19:20:Infinity":6,"s:21:15:21:Infinity":7,"s:22:14:22:Infinity":8,"s:23:16:23:Infinity":9,"s:24:15:24:Infinity":10,"s:25:2:25:Infinity":11,"s:28:28:60:Infinity":12,"f:28:28:28:Infinity":3,"b:32:2:34:Infinity:undefined:undefined:undefined:undefined":3,"s:32:2:34:Infinity":13,"b:32:6:32:20:32:20:32:30":4,"s:33:4:33:Infinity":14,"s:36:16:36:Infinity":15,"s:37:14:37:Infinity":16,"s:39:19:39:Infinity":17,"s:40:21:40:Infinity":18,"s:41:17:41:Infinity":19,"s:42:19:42:Infinity":20,"s:43:18:43:Infinity":21,"b:46:2:59:Infinity:52:2:59:Infinity":5,"s:46:2:59:Infinity":22,"b:47:4:47:Infinity:48:4:48:Infinity":6,"s:51:4:51:Infinity":23,"b:52:2:59:Infinity:55:9:59:Infinity":7,"s:52:2:59:Infinity":24,"s:54:4:54:Infinity":25,"s:57:22:57:Infinity":26,"s:58:4:58:Infinity":27,"s:62:33:69:Infinity":28,"f:62:33:62:34":4,"b:63:2:63:Infinity:undefined:undefined:undefined:undefined":8,"s:63:2:63:Infinity":29,"b:63:6:63:16:63:16:63:29":9,"s:63:29:63:Infinity":30,"s:65:2:68:Infinity":31,"s:71:32:76:Infinity":32,"f:71:32:71:33":5,"s:73:18:73:Infinity":33,"s:74:17:74:Infinity":34,"s:75:2:75:Infinity":35,"b:75:25:75:29:75:29:75:Infinity":10,"s:78:35:85:Infinity":36,"f:78:35:78:Infinity":6,"b:80:22:80:Infinity":11,"b:82:2:82:Infinity:undefined:undefined:undefined:undefined":12,"s:82:2:82:Infinity":37,"s:82:20:82:Infinity":38,"b:83:2:83:Infinity:undefined:undefined:undefined:undefined":13,"s:83:2:83:Infinity":39,"s:83:39:83:Infinity":40,"s:84:2:84:Infinity":41,"s:87:34:97:Infinity":42,"f:87:34:87:35":7,"s:88:43:95:Infinity":43,"s:96:2:96:Infinity":44,"b:96:9:96:42:96:42:96:Infinity":14}}}
,"C:\\Users\\matth\\OneDrive\\Documenten\\GitHub\\zzp_admin\\frontend\\src\\utils\\status.ts": {"path":"C:\\Users\\matth\\OneDrive\\Documenten\\GitHub\\zzp_admin\\frontend\\src\\utils\\status.ts","statementMap":{"0":{"start":{"line":18,"column":20},"end":{"line":18,"column":null}},"1":{"start":{"line":19,"column":16},"end":{"line":19,"column":null}},"2":{"start":{"line":22,"column":2},"end":{"line":24,"column":null}},"3":{"start":{"line":23,"column":4},"end":{"line":23,"column":null}},"4":{"start":{"line":27,"column":2},"end":{"line":29,"column":null}},"5":{"start":{"line":28,"column":4},"end":{"line":28,"column":null}},"6":{"start":{"line":32,"column":2},"end":{"line":34,"column":null}},"7":{"start":{"line":33,"column":4},"end":{"line":33,"column":null}},"8":{"start":{"line":36,"column":2},"end":{"line":36,"column":null}},"9":{"start":{"line":43,"column":2},"end":{"line":43,"column":null}}},"fnMap":{"0":{"name":"getAssignmentStatus","decl":{"start":{"line":14,"column":16},"end":{"line":14,"column":null}},"loc":{"start":{"line":17,"column":20},"end":{"line":37,"column":null}},"line":17},"1":{"name":"getTransactionCategory","decl":{"start":{"line":42,"column":16},"end":{"line":42,"column":39}},"loc":{"start":{"line":42,"column":77},"end":{"line":44,"column":null}},"line":42}},"branchMap":{"0":{"loc":{"start":{"line":18,"column":29},"end":{"line":18,"column":49}},"type":"binary-expr","locations":[{"start":{"line":18,"column":29},"end":{"line":18,"column":48}},{"start":{"line":18,"column":48},"end":{"line":18,"column":49}}],"line":18},"1":{"loc":{"start":{"line":22,"column":2},"end":{"line":24,"column":null}},"type":"if","locations":[{"start":{"line":22,"column":2},"end":{"line":24,"column":null}},{"start":{},"end":{}}],"line":22},"2":{"loc":{"start":{"line":22,"column":6},"end":{"line":22,"column":38}},"type":"binary-expr","locations":[{"start":{"line":22,"column":6},"end":{"line":22,"column":20}},{"start":{"line":22,"column":20},"end":{"line":22,"column":38}}],"line":22},"3":{"loc":{"start":{"line":27,"column":2},"end":{"line":29,"column":null}},"type":"if","locations":[{"start":{"line":27,"column":2},"end":{"line":29,"column":null}},{"start":{},"end":{}}],"line":27},"4":{"loc":{"start":{"line":32,"column":2},"end":{"line":34,"column":null}},"type":"if","locations":[{"start":{"line":32,"column":2},"end":{"line":34,"column":null}},{"start":{},"end":{}}],"line":32},"5":{"loc":{"start":{"line":32,"column":6},"end":{"line":32,"column":42}},"type":"binary-expr","locations":[{"start":{"line":32,"column":6},"end":{"line":32,"column":23}},{"start":{"line":32,"column":23},"end":{"line":32,"column":42}}],"line":32},"6":{"loc":{"start":{"line":43,"column":9},"end":{"line":43,"column":null}},"type":"cond-expr","locations":[{"start":{"line":43,"column":23},"end":{"line":43,"column":34}},{"start":{"line":43,"column":34},"end":{"line":43,"column":null}}],"line":43}},"s":{"0":212,"1":212,"2":212,"3":158,"4":54,"5":11,"6":43,"7":43,"8":0,"9":7},"f":{"0":212,"1":7},"b":{"0":[212,2],"1":[158,54],"2":[212,54],"3":[11,43],"4":[43,0],"5":[43,43],"6":[4,3]},"meta":{"lastBranch":7,"lastFunction":2,"lastStatement":10,"seen":{"f:14:16:14:Infinity":0,"s:18:20:18:Infinity":0,"b:18:29:18:48:18:48:18:49":0,"s:19:16:19:Infinity":1,"b:22:2:24:Infinity:undefined:undefined:undefined:undefined":1,"s:22:2:24:Infinity":2,"b:22:6:22:20:22:20:22:38":2,"s:23:4:23:Infinity":3,"b:27:2:29:Infinity:undefined:undefined:undefined:undefined":3,"s:27:2:29:Infinity":4,"s:28:4:28:Infinity":5,"b:32:2:34:Infinity:undefined:undefined:undefined:undefined":4,"s:32:2:34:Infinity":6,"b:32:6:32:23:32:23:32:42":5,"s:33:4:33:Infinity":7,"s:36:2:36:Infinity":8,"f:42:16:42:39":1,"s:43:2:43:Infinity":9,"b:43:23:43:34:43:34:43:Infinity":6}}}
}
